2024-08-01 01:04:14,073 [ERROR] LogOutputStream:75 - [STDERR_REDIRECT] Aug 01, 2024 1:04:14 AM java.util.prefs.WindowsPreferences WindowsRegOpenKey1
2024-08-01 01:04:14,083 [ERROR] LogOutputStream:75 - [STDERR_REDIRECT] WARNING: Trying to recreate Windows registry node Software\JavaSoft\Prefs\com\st\library\analyticscore at root 0xffffffff80000001.
2024-08-01 01:04:14,083 [ERROR] LogOutputStream:75 - [STDERR_REDIRECT] 
2024-08-01 01:04:14,880 [INFO] UtilMem:75 - End SaveConfig() Used Memory: 418475952 Bytes (642777088)
2024-08-01 01:04:15,430 [INFO] UtilMem:75 - End SaveConfig() Used Memory: 474626984 Bytes (642777088)
2024-08-01 01:04:15,656 [INFO] BlockDiagram:2766 - set Specific Code input for plugin: NVIC
2024-08-01 01:04:15,656 [INFO] BlockDiagram:2766 - set Specific Code input for plugin: FREERTOS
2024-08-01 01:04:15,656 [INFO] BlockDiagram:2766 - set Specific Code input for plugin: USART
2024-08-01 01:04:15,656 [INFO] BlockDiagram:2766 - set Specific Code input for plugin: TIM1_8
2024-08-01 01:04:15,656 [INFO] BlockDiagram:2766 - set Specific Code input for plugin: SYS
2024-08-01 01:04:15,657 [INFO] BlockDiagram:2766 - set Specific Code input for plugin: GPIO
2024-08-01 01:04:15,657 [INFO] BlockDiagram:2766 - set Specific Code input for plugin: RCC
2024-08-01 01:04:15,658 [INFO] CodeGenerator:807 - code generatio: config db path: D:\StmCubeIDE\STM32CubeIDE_1.16.0\STM32CubeIDE\plugins\com.st.stm32cube.common.mx_6.12.0.202406281431\\db\
2024-08-01 01:04:15,755 [INFO] CodeEngine:255 - oldGeneratedFile, D:\STMProj\Prerivanie\MXTmpFiles\license.tmp_save
2024-08-01 01:04:15,845 [INFO] CodeEngine:279 - Generated code: D:\STMProj\Prerivanie\MXTmpFiles\license.tmp
2024-08-01 01:04:15,861 [INFO] CodeEngine:255 - oldGeneratedFile, D:\STMProj\Prerivanie\Core\Src\gpio.c_save
2024-08-01 01:04:15,926 [INFO] CodeEngine:279 - Generated code: D:\STMProj\Prerivanie\Core\Src\gpio.c
2024-08-01 01:04:15,933 [INFO] CodeEngine:255 - oldGeneratedFile, D:\STMProj\Prerivanie\Core\Inc\gpio.h_save
2024-08-01 01:04:15,982 [INFO] CodeEngine:279 - Generated code: D:\STMProj\Prerivanie\Core\Inc\gpio.h
2024-08-01 01:04:16,046 [INFO] Middleware:1439 - No code input for Bsp Dependency
2024-08-01 01:04:16,054 [INFO] CodeEngine:255 - oldGeneratedFile, D:\STMProj\Prerivanie\MXTmpFiles\rtos_inc.tmp_save
2024-08-01 01:04:16,101 [INFO] CodeEngine:279 - Generated code: D:\STMProj\Prerivanie\MXTmpFiles\rtos_inc.tmp
2024-08-01 01:04:16,105 [INFO] CodeEngine:255 - oldGeneratedFile, D:\STMProj\Prerivanie\MXTmpFiles\rtos_kernelInit.tmp_save
2024-08-01 01:04:16,148 [INFO] CodeEngine:279 - Generated code: D:\STMProj\Prerivanie\MXTmpFiles\rtos_kernelInit.tmp
2024-08-01 01:04:16,152 [INFO] CodeEngine:255 - oldGeneratedFile, D:\STMProj\Prerivanie\MXTmpFiles\rtos_kernelStart.tmp_save
2024-08-01 01:04:16,201 [INFO] CodeEngine:279 - Generated code: D:\STMProj\Prerivanie\MXTmpFiles\rtos_kernelStart.tmp
2024-08-01 01:04:16,205 [INFO] CodeEngine:255 - oldGeneratedFile, D:\STMProj\Prerivanie\MXTmpFiles\rtos_typedefs.tmp_save
2024-08-01 01:04:16,249 [INFO] CodeEngine:279 - Generated code: D:\STMProj\Prerivanie\MXTmpFiles\rtos_typedefs.tmp
2024-08-01 01:04:16,253 [INFO] CodeEngine:255 - oldGeneratedFile, D:\STMProj\Prerivanie\MXTmpFiles\rtos_vars.tmp_save
2024-08-01 01:04:16,300 [INFO] CodeEngine:279 - Generated code: D:\STMProj\Prerivanie\MXTmpFiles\rtos_vars.tmp
2024-08-01 01:04:16,303 [INFO] CodeEngine:255 - oldGeneratedFile, D:\STMProj\Prerivanie\MXTmpFiles\rtos_pfp.tmp_save
2024-08-01 01:04:16,347 [INFO] CodeEngine:279 - Generated code: D:\STMProj\Prerivanie\MXTmpFiles\rtos_pfp.tmp
2024-08-01 01:04:16,350 [INFO] CodeEngine:255 - oldGeneratedFile, D:\STMProj\Prerivanie\MXTmpFiles\rtos_obj_creat.tmp_save
2024-08-01 01:04:16,396 [INFO] CodeEngine:279 - Generated code: D:\STMProj\Prerivanie\MXTmpFiles\rtos_obj_creat.tmp
2024-08-01 01:04:16,400 [INFO] CodeEngine:255 - oldGeneratedFile, D:\STMProj\Prerivanie\MXTmpFiles\rtos_default_thread.tmp_save
2024-08-01 01:04:16,444 [INFO] CodeEngine:279 - Generated code: D:\STMProj\Prerivanie\MXTmpFiles\rtos_default_thread.tmp
2024-08-01 01:04:16,448 [INFO] CodeEngine:255 - oldGeneratedFile, D:\STMProj\Prerivanie\MXTmpFiles\rtos_threads.tmp_save
2024-08-01 01:04:16,491 [INFO] CodeEngine:279 - Generated code: D:\STMProj\Prerivanie\MXTmpFiles\rtos_threads.tmp
2024-08-01 01:04:16,497 [INFO] Middleware:1439 - No code input for Bsp Dependency
2024-08-01 01:04:16,504 [INFO] CodeEngine:255 - oldGeneratedFile, D:\STMProj\Prerivanie\MXTmpFiles\rtos_inc.tmp_save
2024-08-01 01:04:16,546 [INFO] CodeEngine:279 - Generated code: D:\STMProj\Prerivanie\MXTmpFiles\rtos_inc.tmp
2024-08-01 01:04:16,551 [INFO] CodeEngine:255 - oldGeneratedFile, D:\STMProj\Prerivanie\MXTmpFiles\rtos_kernelInit.tmp_save
2024-08-01 01:04:16,595 [INFO] CodeEngine:279 - Generated code: D:\STMProj\Prerivanie\MXTmpFiles\rtos_kernelInit.tmp
2024-08-01 01:04:16,599 [INFO] CodeEngine:255 - oldGeneratedFile, D:\STMProj\Prerivanie\MXTmpFiles\rtos_kernelStart.tmp_save
2024-08-01 01:04:16,642 [INFO] CodeEngine:279 - Generated code: D:\STMProj\Prerivanie\MXTmpFiles\rtos_kernelStart.tmp
2024-08-01 01:04:16,647 [INFO] CodeEngine:255 - oldGeneratedFile, D:\STMProj\Prerivanie\MXTmpFiles\rtos_typedefs.tmp_save
2024-08-01 01:04:16,690 [INFO] CodeEngine:279 - Generated code: D:\STMProj\Prerivanie\MXTmpFiles\rtos_typedefs.tmp
2024-08-01 01:04:16,694 [INFO] CodeEngine:255 - oldGeneratedFile, D:\STMProj\Prerivanie\MXTmpFiles\rtos_vars.tmp_save
2024-08-01 01:04:16,740 [INFO] CodeEngine:279 - Generated code: D:\STMProj\Prerivanie\MXTmpFiles\rtos_vars.tmp
2024-08-01 01:04:16,745 [INFO] CodeEngine:255 - oldGeneratedFile, D:\STMProj\Prerivanie\MXTmpFiles\rtos_pfp.tmp_save
2024-08-01 01:04:16,790 [INFO] CodeEngine:279 - Generated code: D:\STMProj\Prerivanie\MXTmpFiles\rtos_pfp.tmp
2024-08-01 01:04:16,795 [INFO] CodeEngine:255 - oldGeneratedFile, D:\STMProj\Prerivanie\MXTmpFiles\rtos_obj_creat.tmp_save
2024-08-01 01:04:16,844 [INFO] CodeEngine:279 - Generated code: D:\STMProj\Prerivanie\MXTmpFiles\rtos_obj_creat.tmp
2024-08-01 01:04:16,848 [INFO] CodeEngine:255 - oldGeneratedFile, D:\STMProj\Prerivanie\MXTmpFiles\rtos_default_thread.tmp_save
2024-08-01 01:04:16,893 [INFO] CodeEngine:279 - Generated code: D:\STMProj\Prerivanie\MXTmpFiles\rtos_default_thread.tmp
2024-08-01 01:04:16,898 [INFO] CodeEngine:255 - oldGeneratedFile, D:\STMProj\Prerivanie\MXTmpFiles\rtos_threads.tmp_save
2024-08-01 01:04:16,950 [INFO] CodeEngine:279 - Generated code: D:\STMProj\Prerivanie\MXTmpFiles\rtos_threads.tmp
2024-08-01 01:04:16,955 [INFO] CodeEngine:255 - oldGeneratedFile, D:\STMProj\Prerivanie\Core\Inc\FreeRTOSConfig.h_save
2024-08-01 01:04:17,012 [INFO] CodeEngine:279 - Generated code: D:\STMProj\Prerivanie\Core\Inc\FreeRTOSConfig.h
2024-08-01 01:04:17,017 [INFO] CodeEngine:255 - oldGeneratedFile, D:\STMProj\Prerivanie\Core\Src\freertos.c_save
2024-08-01 01:04:17,077 [INFO] CodeEngine:279 - Generated code: D:\STMProj\Prerivanie\Core\Src\freertos.c
2024-08-01 01:04:17,087 [INFO] CodeEngine:255 - oldGeneratedFile, D:\STMProj\Prerivanie\Core\Src\tim.c_save
2024-08-01 01:04:17,163 [INFO] CodeEngine:279 - Generated code: D:\STMProj\Prerivanie\Core\Src\tim.c
2024-08-01 01:04:17,168 [INFO] CodeEngine:255 - oldGeneratedFile, D:\STMProj\Prerivanie\Core\Inc\tim.h_save
2024-08-01 01:04:17,226 [INFO] CodeEngine:279 - Generated code: D:\STMProj\Prerivanie\Core\Inc\tim.h
2024-08-01 01:04:17,236 [INFO] CodeEngine:255 - oldGeneratedFile, D:\STMProj\Prerivanie\Core\Src\usart.c_save
2024-08-01 01:04:17,334 [INFO] CodeEngine:279 - Generated code: D:\STMProj\Prerivanie\Core\Src\usart.c
2024-08-01 01:04:17,339 [INFO] CodeEngine:255 - oldGeneratedFile, D:\STMProj\Prerivanie\Core\Inc\usart.h_save
2024-08-01 01:04:17,386 [INFO] CodeEngine:279 - Generated code: D:\STMProj\Prerivanie\Core\Inc\usart.h
2024-08-01 01:04:17,394 [INFO] CodeEngine:255 - oldGeneratedFile, D:\STMProj\Prerivanie\Core\Src\stm32f4xx_it.c_save
2024-08-01 01:04:17,493 [INFO] CodeEngine:279 - Generated code: D:\STMProj\Prerivanie\Core\Src\stm32f4xx_it.c
2024-08-01 01:04:17,498 [INFO] CodeEngine:255 - oldGeneratedFile, D:\STMProj\Prerivanie\Core\Inc\stm32f4xx_it.h_save
2024-08-01 01:04:17,544 [INFO] CodeEngine:279 - Generated code: D:\STMProj\Prerivanie\Core\Inc\stm32f4xx_it.h
2024-08-01 01:04:17,554 [INFO] CodeEngine:255 - oldGeneratedFile, D:\STMProj\Prerivanie\Core\Src\stm32f4xx_hal_msp.c_save
2024-08-01 01:04:17,617 [INFO] CodeEngine:279 - Generated code: D:\STMProj\Prerivanie\Core\Src\stm32f4xx_hal_msp.c
2024-08-01 01:04:17,620 [INFO] CodeEngine:255 - oldGeneratedFile, D:\STMProj\Prerivanie\MXTmpFiles\system.tmp_save
2024-08-01 01:04:17,663 [INFO] CodeEngine:279 - Generated code: D:\STMProj\Prerivanie\MXTmpFiles\system.tmp
2024-08-01 01:04:17,668 [INFO] CodeEngine:255 - oldGeneratedFile, D:\STMProj\Prerivanie\Core\Src\stm32f4xx_hal_timebase_tim.c_save
2024-08-01 01:04:17,718 [INFO] CodeEngine:279 - Generated code: D:\STMProj\Prerivanie\Core\Src\stm32f4xx_hal_timebase_tim.c
2024-08-01 01:04:17,727 [INFO] CodeEngine:311 - oldGeneratedFile, D:\STMProj\Prerivanie\Core\Inc\stm32f4xx_hal_conf.h_save
2024-08-01 01:04:17,778 [INFO] CodeEngine:335 - Generated code: D:\STMProj\Prerivanie\Core\Inc\stm32f4xx_hal_conf.h
2024-08-01 01:04:17,798 [INFO] CodeEngine:255 - oldGeneratedFile, D:\STMProj\Prerivanie\Core\Inc\main.h_save
2024-08-01 01:04:17,853 [INFO] CodeEngine:279 - Generated code: D:\STMProj\Prerivanie\Core\Inc\main.h
2024-08-01 01:04:17,858 [INFO] CodeEngine:255 - oldGeneratedFile, D:\STMProj\Prerivanie\Core\Src\main.c_save
2024-08-01 01:04:17,928 [INFO] CodeEngine:279 - Generated code: D:\STMProj\Prerivanie\Core\Src\main.c
2024-08-01 01:04:18,315 [INFO] ProjectBuilder:3249 - Time for Copy HAL[1] : 263mS.
2024-08-01 01:04:18,318 [INFO] ProjectBuilder:4828 - Project Generator version: 4.4.0-B60
2024-08-01 01:04:18,375 [INFO] ConfigFileManager:1531 - The Die is : DIE433
2024-08-01 01:04:19,224 [INFO] ProjectBuilder:5097 - Time for Generating toolchain IDE Files: 905mS.
2024-08-01 01:04:19,224 [INFO] ProjectBuilder:3107 - Time for Copy CMSIS : 0mS.
2024-08-01 01:04:19,228 [INFO] ProjectBuilder:3107 - Time for Copy CMSIS : 0mS.
2024-08-01 02:03:00,086 [ERROR] LogOutputStream:75 - [STDERR_REDIRECT] Aug 01, 2024 2:03:00 AM java.util.prefs.WindowsPreferences WindowsRegOpenKey1
2024-08-01 02:03:00,087 [ERROR] LogOutputStream:75 - [STDERR_REDIRECT] WARNING: Trying to recreate Windows registry node Software\JavaSoft\Prefs\stm_microxplorer at root 0xffffffff80000001.
2024-08-01 02:03:00,087 [ERROR] LogOutputStream:75 - [STDERR_REDIRECT] 
2024-08-01 02:04:32,405 [ERROR] RtosPanel:558 - Can not restore the selected Tab for FREERTOS(A reason can be that the tab is no more available.)
2024-08-01 02:04:35,710 [INFO] TasksAndQueuesTab:757 - Dynamic
2024-08-01 02:04:35,710 [WARN] TasksAndQueuesTab:763 - 128 128
2024-08-01 02:04:35,710 [WARN] TasksAndQueuesTab:775 - max value is: 3840.0
2024-08-01 02:04:35,710 [INFO] TasksAndQueuesTab:757 - Dynamic
2024-08-01 02:04:35,710 [WARN] TasksAndQueuesTab:763 - 128 128
2024-08-01 02:04:35,710 [WARN] TasksAndQueuesTab:775 - max value is: 3840.0
2024-08-01 02:04:35,710 [INFO] TasksAndQueuesTab:757 - Dynamic
2024-08-01 02:04:35,710 [WARN] TasksAndQueuesTab:763 - 128 128
2024-08-01 02:04:35,710 [WARN] TasksAndQueuesTab:775 - max value is: 3840.0
2024-08-01 02:04:36,565 [INFO] EditThreadDialog:704 - RAM SIZE (in KB): 96
2024-08-01 02:04:36,565 [INFO] EditThreadDialog:706 - RAM SIZE (in words): 24576
2024-08-01 02:04:46,991 [INFO] TasksAndQueuesTab:757 - Dynamic
2024-08-01 02:04:46,992 [WARN] TasksAndQueuesTab:763 - 128 128
2024-08-01 02:04:46,992 [WARN] TasksAndQueuesTab:775 - max value is: 3840.0
2024-08-01 02:04:46,992 [INFO] TasksAndQueuesTab:757 - Dynamic
2024-08-01 02:04:46,992 [WARN] TasksAndQueuesTab:763 - 128 128
2024-08-01 02:04:46,992 [WARN] TasksAndQueuesTab:775 - max value is: 3840.0
2024-08-01 02:04:46,992 [INFO] TasksAndQueuesTab:757 - Dynamic
2024-08-01 02:04:46,992 [WARN] TasksAndQueuesTab:763 - 128 128
2024-08-01 02:04:46,992 [WARN] TasksAndQueuesTab:775 - max value is: 3840.0
2024-08-01 02:04:46,992 [INFO] TasksAndQueuesTab:757 - Dynamic
2024-08-01 02:04:46,992 [WARN] TasksAndQueuesTab:763 - 128 128
2024-08-01 02:04:46,992 [WARN] TasksAndQueuesTab:775 - max value is: 3840.0
2024-08-01 02:04:49,413 [INFO] UtilMem:75 - End SaveConfig() Used Memory: 236754768 Bytes (642777088)
2024-08-01 02:04:50,994 [INFO] UtilMem:75 - End SaveConfig() Used Memory: 254797840 Bytes (642777088)
2024-08-01 02:04:51,556 [INFO] UtilMem:75 - End SaveConfig() Used Memory: 306947832 Bytes (642777088)
2024-08-01 02:04:51,829 [INFO] BlockDiagram:2766 - set Specific Code input for plugin: NVIC
2024-08-01 02:04:51,829 [INFO] BlockDiagram:2766 - set Specific Code input for plugin: FREERTOS
2024-08-01 02:04:51,830 [INFO] BlockDiagram:2766 - set Specific Code input for plugin: USART
2024-08-01 02:04:51,830 [INFO] BlockDiagram:2766 - set Specific Code input for plugin: TIM1_8
2024-08-01 02:04:51,830 [INFO] BlockDiagram:2766 - set Specific Code input for plugin: SYS
2024-08-01 02:04:51,830 [INFO] BlockDiagram:2766 - set Specific Code input for plugin: GPIO
2024-08-01 02:04:51,830 [INFO] BlockDiagram:2766 - set Specific Code input for plugin: RCC
2024-08-01 02:04:51,831 [INFO] CodeGenerator:807 - code generatio: config db path: D:\StmCubeIDE\STM32CubeIDE_1.16.0\STM32CubeIDE\plugins\com.st.stm32cube.common.mx_6.12.0.202406281431\\db\
2024-08-01 02:04:51,901 [INFO] CodeEngine:255 - oldGeneratedFile, D:\STMProj\Prerivanie\MXTmpFiles\license.tmp_save
2024-08-01 02:04:51,977 [INFO] CodeEngine:279 - Generated code: D:\STMProj\Prerivanie\MXTmpFiles\license.tmp
2024-08-01 02:04:51,998 [INFO] CodeEngine:255 - oldGeneratedFile, D:\STMProj\Prerivanie\Core\Src\gpio.c_save
2024-08-01 02:04:52,061 [INFO] CodeEngine:279 - Generated code: D:\STMProj\Prerivanie\Core\Src\gpio.c
2024-08-01 02:04:52,067 [INFO] CodeEngine:255 - oldGeneratedFile, D:\STMProj\Prerivanie\Core\Inc\gpio.h_save
2024-08-01 02:04:52,115 [INFO] CodeEngine:279 - Generated code: D:\STMProj\Prerivanie\Core\Inc\gpio.h
2024-08-01 02:04:52,184 [INFO] Middleware:1439 - No code input for Bsp Dependency
2024-08-01 02:04:52,191 [INFO] CodeEngine:255 - oldGeneratedFile, D:\STMProj\Prerivanie\MXTmpFiles\rtos_inc.tmp_save
2024-08-01 02:04:52,243 [INFO] CodeEngine:279 - Generated code: D:\STMProj\Prerivanie\MXTmpFiles\rtos_inc.tmp
2024-08-01 02:04:52,248 [INFO] CodeEngine:255 - oldGeneratedFile, D:\STMProj\Prerivanie\MXTmpFiles\rtos_kernelInit.tmp_save
2024-08-01 02:04:52,292 [INFO] CodeEngine:279 - Generated code: D:\STMProj\Prerivanie\MXTmpFiles\rtos_kernelInit.tmp
2024-08-01 02:04:52,296 [INFO] CodeEngine:255 - oldGeneratedFile, D:\STMProj\Prerivanie\MXTmpFiles\rtos_kernelStart.tmp_save
2024-08-01 02:04:52,339 [INFO] CodeEngine:279 - Generated code: D:\STMProj\Prerivanie\MXTmpFiles\rtos_kernelStart.tmp
2024-08-01 02:04:52,343 [INFO] CodeEngine:255 - oldGeneratedFile, D:\STMProj\Prerivanie\MXTmpFiles\rtos_typedefs.tmp_save
2024-08-01 02:04:52,387 [INFO] CodeEngine:279 - Generated code: D:\STMProj\Prerivanie\MXTmpFiles\rtos_typedefs.tmp
2024-08-01 02:04:52,390 [INFO] CodeEngine:255 - oldGeneratedFile, D:\STMProj\Prerivanie\MXTmpFiles\rtos_vars.tmp_save
2024-08-01 02:04:52,436 [INFO] CodeEngine:279 - Generated code: D:\STMProj\Prerivanie\MXTmpFiles\rtos_vars.tmp
2024-08-01 02:04:52,439 [INFO] CodeEngine:255 - oldGeneratedFile, D:\STMProj\Prerivanie\MXTmpFiles\rtos_pfp.tmp_save
2024-08-01 02:04:52,485 [INFO] CodeEngine:279 - Generated code: D:\STMProj\Prerivanie\MXTmpFiles\rtos_pfp.tmp
2024-08-01 02:04:52,490 [INFO] CodeEngine:255 - oldGeneratedFile, D:\STMProj\Prerivanie\MXTmpFiles\rtos_obj_creat.tmp_save
2024-08-01 02:04:52,536 [INFO] CodeEngine:279 - Generated code: D:\STMProj\Prerivanie\MXTmpFiles\rtos_obj_creat.tmp
2024-08-01 02:04:52,540 [INFO] CodeEngine:255 - oldGeneratedFile, D:\STMProj\Prerivanie\MXTmpFiles\rtos_default_thread.tmp_save
2024-08-01 02:04:52,585 [INFO] CodeEngine:279 - Generated code: D:\STMProj\Prerivanie\MXTmpFiles\rtos_default_thread.tmp
2024-08-01 02:04:52,588 [INFO] CodeEngine:255 - oldGeneratedFile, D:\STMProj\Prerivanie\MXTmpFiles\rtos_threads.tmp_save
2024-08-01 02:04:52,633 [INFO] CodeEngine:279 - Generated code: D:\STMProj\Prerivanie\MXTmpFiles\rtos_threads.tmp
2024-08-01 02:04:52,640 [INFO] Middleware:1439 - No code input for Bsp Dependency
2024-08-01 02:04:52,646 [INFO] CodeEngine:255 - oldGeneratedFile, D:\STMProj\Prerivanie\MXTmpFiles\rtos_inc.tmp_save
2024-08-01 02:04:52,691 [INFO] CodeEngine:279 - Generated code: D:\STMProj\Prerivanie\MXTmpFiles\rtos_inc.tmp
2024-08-01 02:04:52,696 [INFO] CodeEngine:255 - oldGeneratedFile, D:\STMProj\Prerivanie\MXTmpFiles\rtos_kernelInit.tmp_save
2024-08-01 02:04:52,749 [INFO] CodeEngine:279 - Generated code: D:\STMProj\Prerivanie\MXTmpFiles\rtos_kernelInit.tmp
2024-08-01 02:04:52,753 [INFO] CodeEngine:255 - oldGeneratedFile, D:\STMProj\Prerivanie\MXTmpFiles\rtos_kernelStart.tmp_save
2024-08-01 02:04:52,797 [INFO] CodeEngine:279 - Generated code: D:\STMProj\Prerivanie\MXTmpFiles\rtos_kernelStart.tmp
2024-08-01 02:04:52,802 [INFO] CodeEngine:255 - oldGeneratedFile, D:\STMProj\Prerivanie\MXTmpFiles\rtos_typedefs.tmp_save
2024-08-01 02:04:52,865 [INFO] CodeEngine:279 - Generated code: D:\STMProj\Prerivanie\MXTmpFiles\rtos_typedefs.tmp
2024-08-01 02:04:52,869 [INFO] CodeEngine:255 - oldGeneratedFile, D:\STMProj\Prerivanie\MXTmpFiles\rtos_vars.tmp_save
2024-08-01 02:04:52,924 [INFO] CodeEngine:279 - Generated code: D:\STMProj\Prerivanie\MXTmpFiles\rtos_vars.tmp
2024-08-01 02:04:52,929 [INFO] CodeEngine:255 - oldGeneratedFile, D:\STMProj\Prerivanie\MXTmpFiles\rtos_pfp.tmp_save
2024-08-01 02:04:52,976 [INFO] CodeEngine:279 - Generated code: D:\STMProj\Prerivanie\MXTmpFiles\rtos_pfp.tmp
2024-08-01 02:04:52,980 [INFO] CodeEngine:255 - oldGeneratedFile, D:\STMProj\Prerivanie\MXTmpFiles\rtos_obj_creat.tmp_save
2024-08-01 02:04:53,028 [INFO] CodeEngine:279 - Generated code: D:\STMProj\Prerivanie\MXTmpFiles\rtos_obj_creat.tmp
2024-08-01 02:04:53,032 [INFO] CodeEngine:255 - oldGeneratedFile, D:\STMProj\Prerivanie\MXTmpFiles\rtos_default_thread.tmp_save
2024-08-01 02:04:53,093 [INFO] CodeEngine:279 - Generated code: D:\STMProj\Prerivanie\MXTmpFiles\rtos_default_thread.tmp
2024-08-01 02:04:53,099 [INFO] CodeEngine:255 - oldGeneratedFile, D:\STMProj\Prerivanie\MXTmpFiles\rtos_threads.tmp_save
2024-08-01 02:04:53,150 [INFO] CodeEngine:279 - Generated code: D:\STMProj\Prerivanie\MXTmpFiles\rtos_threads.tmp
2024-08-01 02:04:53,158 [INFO] CodeEngine:255 - oldGeneratedFile, D:\STMProj\Prerivanie\Core\Inc\FreeRTOSConfig.h_save
2024-08-01 02:04:53,213 [INFO] CodeEngine:279 - Generated code: D:\STMProj\Prerivanie\Core\Inc\FreeRTOSConfig.h
2024-08-01 02:04:53,218 [INFO] CodeEngine:255 - oldGeneratedFile, D:\STMProj\Prerivanie\Core\Src\freertos.c_save
2024-08-01 02:04:53,276 [INFO] CodeEngine:279 - Generated code: D:\STMProj\Prerivanie\Core\Src\freertos.c
2024-08-01 02:04:53,289 [INFO] CodeEngine:255 - oldGeneratedFile, D:\STMProj\Prerivanie\Core\Src\tim.c_save
2024-08-01 02:04:53,362 [INFO] CodeEngine:279 - Generated code: D:\STMProj\Prerivanie\Core\Src\tim.c
2024-08-01 02:04:53,367 [INFO] CodeEngine:255 - oldGeneratedFile, D:\STMProj\Prerivanie\Core\Inc\tim.h_save
2024-08-01 02:04:53,413 [INFO] CodeEngine:279 - Generated code: D:\STMProj\Prerivanie\Core\Inc\tim.h
2024-08-01 02:04:53,422 [INFO] CodeEngine:255 - oldGeneratedFile, D:\STMProj\Prerivanie\Core\Src\usart.c_save
2024-08-01 02:04:53,485 [INFO] CodeEngine:279 - Generated code: D:\STMProj\Prerivanie\Core\Src\usart.c
2024-08-01 02:04:53,490 [INFO] CodeEngine:255 - oldGeneratedFile, D:\STMProj\Prerivanie\Core\Inc\usart.h_save
2024-08-01 02:04:53,536 [INFO] CodeEngine:279 - Generated code: D:\STMProj\Prerivanie\Core\Inc\usart.h
2024-08-01 02:04:53,548 [INFO] CodeEngine:255 - oldGeneratedFile, D:\STMProj\Prerivanie\Core\Src\stm32f4xx_it.c_save
2024-08-01 02:04:53,646 [INFO] CodeEngine:279 - Generated code: D:\STMProj\Prerivanie\Core\Src\stm32f4xx_it.c
2024-08-01 02:04:53,652 [INFO] CodeEngine:255 - oldGeneratedFile, D:\STMProj\Prerivanie\Core\Inc\stm32f4xx_it.h_save
2024-08-01 02:04:53,698 [INFO] CodeEngine:279 - Generated code: D:\STMProj\Prerivanie\Core\Inc\stm32f4xx_it.h
2024-08-01 02:04:53,708 [INFO] CodeEngine:255 - oldGeneratedFile, D:\STMProj\Prerivanie\Core\Src\stm32f4xx_hal_msp.c_save
2024-08-01 02:04:53,774 [INFO] CodeEngine:279 - Generated code: D:\STMProj\Prerivanie\Core\Src\stm32f4xx_hal_msp.c
2024-08-01 02:04:53,778 [INFO] CodeEngine:255 - oldGeneratedFile, D:\STMProj\Prerivanie\MXTmpFiles\system.tmp_save
2024-08-01 02:04:53,821 [INFO] CodeEngine:279 - Generated code: D:\STMProj\Prerivanie\MXTmpFiles\system.tmp
2024-08-01 02:04:53,825 [INFO] CodeEngine:255 - oldGeneratedFile, D:\STMProj\Prerivanie\Core\Src\stm32f4xx_hal_timebase_tim.c_save
2024-08-01 02:04:53,872 [INFO] CodeEngine:279 - Generated code: D:\STMProj\Prerivanie\Core\Src\stm32f4xx_hal_timebase_tim.c
2024-08-01 02:04:53,881 [INFO] CodeEngine:311 - oldGeneratedFile, D:\STMProj\Prerivanie\Core\Inc\stm32f4xx_hal_conf.h_save
2024-08-01 02:04:53,930 [INFO] CodeEngine:335 - Generated code: D:\STMProj\Prerivanie\Core\Inc\stm32f4xx_hal_conf.h
2024-08-01 02:04:53,950 [INFO] CodeEngine:255 - oldGeneratedFile, D:\STMProj\Prerivanie\Core\Inc\main.h_save
2024-08-01 02:04:54,022 [INFO] CodeEngine:279 - Generated code: D:\STMProj\Prerivanie\Core\Inc\main.h
2024-08-01 02:04:54,028 [INFO] CodeEngine:255 - oldGeneratedFile, D:\STMProj\Prerivanie\Core\Src\main.c_save
2024-08-01 02:04:54,123 [INFO] CodeEngine:279 - Generated code: D:\STMProj\Prerivanie\Core\Src\main.c
2024-08-01 02:04:54,508 [INFO] ProjectBuilder:3249 - Time for Copy HAL[1] : 247mS.
2024-08-01 02:04:54,512 [INFO] ProjectBuilder:4828 - Project Generator version: 4.4.0-B60
2024-08-01 02:04:54,571 [INFO] ConfigFileManager:1531 - The Die is : DIE433
2024-08-01 02:04:55,423 [INFO] ProjectBuilder:5097 - Time for Generating toolchain IDE Files: 911mS.
2024-08-01 02:04:55,424 [INFO] ProjectBuilder:3107 - Time for Copy CMSIS : 1mS.
2024-08-01 02:04:55,429 [INFO] ProjectBuilder:3107 - Time for Copy CMSIS : 0mS.
2024-08-01 02:24:35,821 [ERROR] LogOutputStream:75 - [STDERR_REDIRECT] 
