2024-08-02 13:05:19,977 [INFO] Activator:176 - 


2024-08-02 13:05:19,982 [INFO] Activator:177 - !SESSION log4j initialized
2024-08-02 13:05:25,839 [INFO] LogOutputStream:77 - [STDOUT_REDIRECT] 
2024-08-02 13:05:27,317 [INFO] ApplicationProperties:184 - Using Application install path: D:\StmCubeIDE\STM32CubeIDE_1.16.0\STM32CubeIDE\plugins\com.st.stm32cube.common.mx_6.12.0.202406281431
2024-08-02 13:05:27,336 [INFO] DbMcusXml:78 - Set database path to: D:\StmCubeIDE\STM32CubeIDE_1.16.0\STM32CubeIDE\plugins\com.st.stm32cube.common.mx_6.12.0.202406281431\\db\/mcu/
2024-08-02 13:05:27,336 [INFO] ApiDb:274 - Set plugin database path to: D:\StmCubeIDE\STM32CubeIDE_1.16.0\STM32CubeIDE\plugins\com.st.stm32cube.common.mx_6.12.0.202406281431\\db\/plugins/boardmanager/
2024-08-02 13:05:27,336 [WARN] ApiDb:259 - Overriding images path with different value:  => D:\StmCubeIDE\STM32CubeIDE_1.16.0\STM32CubeIDE\plugins\com.st.stm32cube.common.mx_6.12.0.202406281431\\db\/plugins/mcufinder/images/
2024-08-02 13:05:27,343 [INFO] ApiDb:250 - Set database path to: C:\Users\pasha\.stmcufinder\plugins\mcufinder//mcu/
2024-08-02 13:05:27,344 [INFO] DbMcusAds:125 - Set database path to: C:\Users\pasha\.stmcufinder\plugins\mcufinder//mcu/
2024-08-02 13:05:27,347 [INFO] CrossReferenceDbSqlite:203 - Set database path to: C:\Users\pasha\.stmcufinder\plugins\mcufinder//mcu/cs/
2024-08-02 13:05:27,450 [INFO] RulesReader:64 - Compatibility file has been processed (297 Rules)
2024-08-02 13:05:27,531 [INFO] DbMcusXml:78 - Set database path to: D:\StmCubeIDE\STM32CubeIDE_1.16.0\STM32CubeIDE\plugins\com.st.stm32cube.common.mx_6.12.0.202406281431\\db\/mcu/
2024-08-02 13:05:27,531 [INFO] ApiDb:274 - Set plugin database path to: D:\StmCubeIDE\STM32CubeIDE_1.16.0\STM32CubeIDE\plugins\com.st.stm32cube.common.mx_6.12.0.202406281431\\db\/plugins/boardmanager/
2024-08-02 13:05:27,531 [INFO] ApiDb:261 - Set plugin images path to: D:\StmCubeIDE\STM32CubeIDE_1.16.0\STM32CubeIDE\plugins\com.st.stm32cube.common.mx_6.12.0.202406281431\\db\/plugins/mcufinder/images/
2024-08-02 13:05:27,532 [WARN] DbFile:41 - Overriding database path with different value: C:\Users\pasha\.stmcufinder\plugins\mcufinder/ => C:\Users\pasha\.stmcufinder\plugins\mcufinder
2024-08-02 13:05:27,532 [INFO] ApiDb:250 - Set database path to: C:\Users\pasha\.stmcufinder\plugins\mcufinder//mcu/
2024-08-02 13:05:27,532 [WARN] DbFile:41 - Overriding database path with different value: C:\Users\pasha\.stmcufinder\plugins\mcufinder/ => C:\Users\pasha\.stmcufinder\plugins\mcufinder
2024-08-02 13:05:27,532 [INFO] DbMcusAds:125 - Set database path to: C:\Users\pasha\.stmcufinder\plugins\mcufinder//mcu/
2024-08-02 13:05:27,532 [WARN] DbFile:41 - Overriding database path with different value: C:\Users\pasha\.stmcufinder\plugins\mcufinder/ => C:\Users\pasha\.stmcufinder\plugins\mcufinder
2024-08-02 13:05:27,532 [WARN] DbFile:41 - Overriding database path with different value: C:\Users\pasha\.stmcufinder\plugins\mcufinder/ => C:\Users\pasha\.stmcufinder\plugins\mcufinder
2024-08-02 13:05:27,532 [INFO] CrossReferenceDbSqlite:203 - Set database path to: C:\Users\pasha\.stmcufinder\plugins\mcufinder//mcu/cs/
2024-08-02 13:05:27,622 [INFO] MainPanel:268 - HeapMemory: 268435456
2024-08-02 13:05:27,730 [INFO] DbMcusXml:78 - Set database path to: D:\StmCubeIDE\STM32CubeIDE_1.16.0\STM32CubeIDE\plugins\com.st.stm32cube.common.mx_6.12.0.202406281431\\db\/mcu/
2024-08-02 13:05:27,730 [INFO] ApiDb:274 - Set plugin database path to: D:\StmCubeIDE\STM32CubeIDE_1.16.0\STM32CubeIDE\plugins\com.st.stm32cube.common.mx_6.12.0.202406281431\\db\/plugins/boardmanager/
2024-08-02 13:05:27,730 [INFO] ApiDb:261 - Set plugin images path to: D:\StmCubeIDE\STM32CubeIDE_1.16.0\STM32CubeIDE\plugins\com.st.stm32cube.common.mx_6.12.0.202406281431\\db\/plugins/mcufinder/images/
2024-08-02 13:05:27,730 [WARN] DbFile:41 - Overriding database path with different value: C:\Users\pasha\.stmcufinder\plugins\mcufinder/ => C:\Users\pasha\.stmcufinder\plugins\mcufinder
2024-08-02 13:05:27,730 [INFO] ApiDb:250 - Set database path to: C:\Users\pasha\.stmcufinder\plugins\mcufinder//mcu/
2024-08-02 13:05:27,730 [WARN] DbFile:41 - Overriding database path with different value: C:\Users\pasha\.stmcufinder\plugins\mcufinder/ => C:\Users\pasha\.stmcufinder\plugins\mcufinder
2024-08-02 13:05:27,730 [INFO] DbMcusAds:125 - Set database path to: C:\Users\pasha\.stmcufinder\plugins\mcufinder//mcu/
2024-08-02 13:05:27,730 [WARN] DbFile:41 - Overriding database path with different value: C:\Users\pasha\.stmcufinder\plugins\mcufinder/ => C:\Users\pasha\.stmcufinder\plugins\mcufinder
2024-08-02 13:05:27,730 [WARN] DbFile:41 - Overriding database path with different value: C:\Users\pasha\.stmcufinder\plugins\mcufinder/ => C:\Users\pasha\.stmcufinder\plugins\mcufinder
2024-08-02 13:05:27,731 [INFO] CrossReferenceDbSqlite:203 - Set database path to: C:\Users\pasha\.stmcufinder\plugins\mcufinder//mcu/cs/
2024-08-02 13:05:27,747 [INFO] ApplicationProperties:184 - Using Application install path: D:\StmCubeIDE\STM32CubeIDE_1.16.0\STM32CubeIDE\plugins\com.st.stm32cube.common.mx_6.12.0.202406281431
2024-08-02 13:05:27,749 [INFO] PluginManage:196 - Search for loadable plugins [exclusion list=, ]
2024-08-02 13:05:27,750 [INFO] PluginManage:310 - Check plugin analytics
2024-08-02 13:05:27,916 [INFO] AnalyticsPlugin:253 - Accepted Software Licenses: 
2024-08-02 13:05:27,917 [INFO] AnalyticsPlugin:255 - Accepted CMSIS Pack Licenses: 
2024-08-02 13:05:27,917 [INFO] AnalyticsPlugin:257 - Accepted Firmware Licenses: 
2024-08-02 13:05:27,920 [INFO] PluginManage:359 - Loaded plugin analytics (category:tool,tabindex:-1)
2024-08-02 13:05:27,921 [INFO] PluginManage:310 - Check plugin cadmodel
2024-08-02 13:05:27,927 [INFO] CADModel:105 - Init CAD model plugin
2024-08-02 13:05:27,927 [INFO] PluginManage:359 - Loaded plugin cadmodel (category:power,tabindex:5)
2024-08-02 13:05:27,927 [INFO] PluginManage:310 - Check plugin clock
2024-08-02 13:05:27,939 [INFO] PluginManage:359 - Loaded plugin clock (category:base,tabindex:2)
2024-08-02 13:05:27,939 [INFO] PluginManage:310 - Check plugin ddr
2024-08-02 13:05:27,942 [INFO] PluginManage:359 - Loaded plugin ddr (category:tool,tabindex:6)
2024-08-02 13:05:27,942 [INFO] PluginManage:310 - Check plugin filemanager
2024-08-02 13:05:28,090 [INFO] PluginManage:359 - Loaded plugin filemanager (category:base,tabindex:10)
2024-08-02 13:05:28,091 [INFO] PluginManage:310 - Check plugin ipmanager
2024-08-02 13:05:28,097 [INFO] PluginManage:359 - Loaded plugin ipmanager (category:base,tabindex:5)
2024-08-02 13:05:28,097 [INFO] PluginManage:310 - Check plugin lpbam
2024-08-02 13:05:28,106 [INFO] PluginManage:359 - Loaded plugin lpbam (category:base,tabindex:0)
2024-08-02 13:05:28,106 [INFO] PluginManage:310 - Check plugin memorymap
2024-08-02 13:05:28,119 [INFO] PluginManage:359 - Loaded plugin memorymap (category:base,tabindex:4)
2024-08-02 13:05:28,119 [INFO] PluginManage:310 - Check plugin pinoutandconfiguration
2024-08-02 13:05:28,128 [INFO] PluginManage:359 - Loaded plugin pinoutandconfiguration (category:base,tabindex:1)
2024-08-02 13:05:28,129 [INFO] PluginManage:310 - Check plugin pinoutconfig
2024-08-02 13:05:28,221 [WARN] SupportedApi:132 - Cannot load RTOS API schema: s4s-elt-must-match.1: The content of 'definitions' must match (annotation?, (simpleType | complexType)?, (unique | key | keyref)*)). A problem was found starting at: attribute.
2024-08-02 13:05:28,364 [INFO] PluginManage:359 - Loaded plugin pinoutconfig (category:base,tabindex:0)
2024-08-02 13:05:28,364 [INFO] PluginManage:310 - Check plugin power
2024-08-02 13:05:28,375 [INFO] PluginManage:359 - Loaded plugin power (category:power,tabindex:4)
2024-08-02 13:05:28,375 [INFO] PluginManage:310 - Check plugin projectmanager
2024-08-02 13:05:28,391 [INFO] PluginManage:359 - Loaded plugin projectmanager (category:projectmanager,tabindex:4)
2024-08-02 13:05:28,391 [INFO] PluginManage:310 - Check plugin rif
2024-08-02 13:05:28,398 [INFO] PluginManage:359 - Loaded plugin rif (category:base,tabindex:3)
2024-08-02 13:05:28,398 [INFO] PluginManage:310 - Check plugin thirdparty
2024-08-02 13:05:28,520 [INFO] PluginManage:359 - Loaded plugin thirdparty (category:base,tabindex:-1)
2024-08-02 13:05:28,521 [INFO] PluginManage:310 - Check plugin tools
2024-08-02 13:05:28,520 [WARN] IntegrityCheckThread:84 - waiting for thirdparty lock release [integrity check]
2024-08-02 13:05:28,521 [INFO] IntegrityCheckThread:86 - entering critical section [integrity check]
2024-08-02 13:05:28,521 [INFO] ThirdPartyUpdaterWithRetryManager:70 - Updater plugin not ready yet. [1/15]
2024-08-02 13:05:28,524 [INFO] PluginManage:359 - Loaded plugin tools (category:base,tabindex:7)
2024-08-02 13:05:28,524 [INFO] PluginManage:310 - Check plugin tutovideos
2024-08-02 13:05:28,693 [INFO] PluginManage:359 - Loaded plugin tutovideos (category:base,tabindex:-1)
2024-08-02 13:05:28,693 [INFO] PluginManage:310 - Check plugin updater
2024-08-02 13:05:28,709 [INFO] PluginManage:359 - Loaded plugin updater (category:base,tabindex:12)
2024-08-02 13:05:28,710 [INFO] PluginManage:310 - Check plugin userauth
2024-08-02 13:05:28,715 [INFO] UserAuth:113 - Init User Auth plugin
2024-08-02 13:05:28,715 [INFO] PluginManage:359 - Loaded plugin userauth (category:base,tabindex:14)
2024-08-02 13:05:28,715 [INFO] PluginManage:283 - PluginManage : Loaded plugins [18]
2024-08-02 13:05:28,947 [INFO] PinOutPanel:1561 - setPackage(No Configuration,No Configuration)
2024-08-02 13:05:29,050 [INFO] CADModel:165 - CPN selected for project level
2024-08-02 13:05:29,050 [INFO] CADModel:114 - Register for checkConnection events
2024-08-02 13:05:29,068 [INFO] IPUIPlugin:80 - create IPUIPlugin
2024-08-02 13:05:29,068 [INFO] PluginManager:220 - loadIPPluginJar : add adc
2024-08-02 13:05:29,072 [INFO] IPUIPlugin:80 - create IPUIPlugin
2024-08-02 13:05:29,072 [INFO] PluginManager:220 - loadIPPluginJar : add aes
2024-08-02 13:05:29,074 [INFO] IPUIPlugin:80 - create IPUIPlugin
2024-08-02 13:05:29,075 [INFO] PluginManager:220 - loadIPPluginJar : add can
2024-08-02 13:05:29,077 [INFO] IPUIPlugin:80 - create IPUIPlugin
2024-08-02 13:05:29,077 [INFO] PluginManager:220 - loadIPPluginJar : add comp
2024-08-02 13:05:29,079 [INFO] IPUIPlugin:80 - create IPUIPlugin
2024-08-02 13:05:29,079 [INFO] PluginManager:220 - loadIPPluginJar : add cryp
2024-08-02 13:05:29,082 [INFO] IPUIPlugin:80 - create IPUIPlugin
2024-08-02 13:05:29,082 [INFO] PluginManager:220 - loadIPPluginJar : add ddr_ctrl_phy
2024-08-02 13:05:29,084 [INFO] IPUIPlugin:80 - create IPUIPlugin
2024-08-02 13:05:29,084 [INFO] PluginManager:220 - loadIPPluginJar : add dfsdm
2024-08-02 13:05:29,092 [INFO] IPUIPlugin:80 - create IPUIPlugin
2024-08-02 13:05:29,092 [INFO] PluginManager:220 - loadIPPluginJar : add dma
2024-08-02 13:05:29,095 [INFO] IPUIPlugin:80 - create IPUIPlugin
2024-08-02 13:05:29,095 [INFO] PluginManager:220 - loadIPPluginJar : add dma3
2024-08-02 13:05:29,098 [INFO] IPUIPlugin:80 - create IPUIPlugin
2024-08-02 13:05:29,099 [INFO] PluginManager:220 - loadIPPluginJar : add extmemmanager
2024-08-02 13:05:29,100 [INFO] IPUIPlugin:80 - create IPUIPlugin
2024-08-02 13:05:29,101 [INFO] PluginManager:220 - loadIPPluginJar : add fatfs
2024-08-02 13:05:29,105 [INFO] IPUIPlugin:80 - create IPUIPlugin
2024-08-02 13:05:29,106 [INFO] PluginManager:220 - loadIPPluginJar : add fmc
2024-08-02 13:05:29,113 [INFO] IPUIPlugin:80 - create IPUIPlugin
2024-08-02 13:05:29,113 [INFO] PluginManager:220 - loadIPPluginJar : add freertos
2024-08-02 13:05:29,115 [INFO] IPUIPlugin:80 - create IPUIPlugin
2024-08-02 13:05:29,115 [INFO] PluginManager:220 - loadIPPluginJar : add genericplugin
2024-08-02 13:05:29,118 [INFO] IPUIPlugin:80 - create IPUIPlugin
2024-08-02 13:05:29,118 [INFO] PluginManager:220 - loadIPPluginJar : add gfxmmu
2024-08-02 13:05:29,124 [INFO] IPUIPlugin:80 - create IPUIPlugin
2024-08-02 13:05:29,124 [INFO] PluginManager:220 - loadIPPluginJar : add gic
2024-08-02 13:05:29,129 [INFO] IPUIPlugin:80 - create IPUIPlugin
2024-08-02 13:05:29,130 [INFO] PluginManager:220 - loadIPPluginJar : add gpio
2024-08-02 13:05:29,133 [INFO] IPUIPlugin:80 - create IPUIPlugin
2024-08-02 13:05:29,133 [INFO] PluginManager:220 - loadIPPluginJar : add gtzc
2024-08-02 13:05:29,137 [INFO] IPUIPlugin:80 - create IPUIPlugin
2024-08-02 13:05:29,137 [INFO] PluginManager:220 - loadIPPluginJar : add hash
2024-08-02 13:05:29,141 [INFO] IPUIPlugin:80 - create IPUIPlugin
2024-08-02 13:05:29,141 [INFO] PluginManager:220 - loadIPPluginJar : add i2c
2024-08-02 13:05:29,145 [INFO] IPUIPlugin:80 - create IPUIPlugin
2024-08-02 13:05:29,145 [INFO] PluginManager:220 - loadIPPluginJar : add i2s
2024-08-02 13:05:29,148 [INFO] IPUIPlugin:80 - create IPUIPlugin
2024-08-02 13:05:29,148 [INFO] PluginManager:220 - loadIPPluginJar : add i3c
2024-08-02 13:05:29,153 [INFO] IPUIPlugin:80 - create IPUIPlugin
2024-08-02 13:05:29,153 [INFO] PluginManager:220 - loadIPPluginJar : add ipddr
2024-08-02 13:05:29,163 [INFO] IPUIPlugin:80 - create IPUIPlugin
2024-08-02 13:05:29,163 [INFO] PluginManager:220 - loadIPPluginJar : add linkedlist
2024-08-02 13:05:29,165 [INFO] IPUIPlugin:80 - create IPUIPlugin
2024-08-02 13:05:29,165 [INFO] PluginManager:220 - loadIPPluginJar : add lorawan
2024-08-02 13:05:29,167 [INFO] IPUIPlugin:80 - create IPUIPlugin
2024-08-02 13:05:29,167 [INFO] PluginManager:220 - loadIPPluginJar : add ltdc
2024-08-02 13:05:29,173 [INFO] IPUIPlugin:80 - create IPUIPlugin
2024-08-02 13:05:29,174 [INFO] PluginManager:220 - loadIPPluginJar : add mdma
2024-08-02 13:05:29,177 [INFO] IPUIPlugin:80 - create IPUIPlugin
2024-08-02 13:05:29,177 [INFO] PluginManager:220 - loadIPPluginJar : add nvic
2024-08-02 13:05:29,180 [INFO] IPUIPlugin:80 - create IPUIPlugin
2024-08-02 13:05:29,180 [INFO] PluginManager:220 - loadIPPluginJar : add opamp
2024-08-02 13:05:29,192 [INFO] IPUIPlugin:80 - create IPUIPlugin
2024-08-02 13:05:29,192 [INFO] PluginManager:220 - loadIPPluginJar : add openamp
2024-08-02 13:05:29,195 [INFO] IPUIPlugin:80 - create IPUIPlugin
2024-08-02 13:05:29,195 [INFO] PluginManager:220 - loadIPPluginJar : add pdm2pcm
2024-08-02 13:05:29,200 [INFO] IPUIPlugin:80 - create IPUIPlugin
2024-08-02 13:05:29,202 [INFO] PluginManager:220 - loadIPPluginJar : add plateformsettings
2024-08-02 13:05:29,204 [INFO] IPUIPlugin:80 - create IPUIPlugin
2024-08-02 13:05:29,204 [INFO] PluginManager:220 - loadIPPluginJar : add quadspi
2024-08-02 13:05:29,207 [INFO] IPUIPlugin:80 - create IPUIPlugin
2024-08-02 13:05:29,207 [INFO] PluginManager:220 - loadIPPluginJar : add radio
2024-08-02 13:05:29,218 [INFO] IPUIPlugin:80 - create IPUIPlugin
2024-08-02 13:05:29,219 [INFO] PluginManager:220 - loadIPPluginJar : add resmgrutility
2024-08-02 13:05:29,223 [INFO] IPUIPlugin:80 - create IPUIPlugin
2024-08-02 13:05:29,223 [INFO] PluginManager:220 - loadIPPluginJar : add sai
2024-08-02 13:05:29,226 [INFO] IPUIPlugin:80 - create IPUIPlugin
2024-08-02 13:05:29,226 [INFO] PluginManager:220 - loadIPPluginJar : add spi
2024-08-02 13:05:29,231 [INFO] IPUIPlugin:80 - create IPUIPlugin
2024-08-02 13:05:29,231 [INFO] PluginManager:220 - loadIPPluginJar : add stm32_wpan
2024-08-02 13:05:29,234 [INFO] IPUIPlugin:80 - create IPUIPlugin
2024-08-02 13:05:29,234 [INFO] PluginManager:220 - loadIPPluginJar : add tim
2024-08-02 13:05:29,238 [INFO] IPUIPlugin:80 - create IPUIPlugin
2024-08-02 13:05:29,238 [INFO] PluginManager:220 - loadIPPluginJar : add touchsensing
2024-08-02 13:05:29,241 [INFO] IPUIPlugin:80 - create IPUIPlugin
2024-08-02 13:05:29,241 [INFO] PluginManager:220 - loadIPPluginJar : add tracer_emb
2024-08-02 13:05:29,244 [INFO] IPUIPlugin:80 - create IPUIPlugin
2024-08-02 13:05:29,244 [INFO] PluginManager:220 - loadIPPluginJar : add ts
2024-08-02 13:05:29,246 [INFO] IPUIPlugin:80 - create IPUIPlugin
2024-08-02 13:05:29,247 [INFO] PluginManager:220 - loadIPPluginJar : add tsc
2024-08-02 13:05:29,249 [INFO] IPUIPlugin:80 - create IPUIPlugin
2024-08-02 13:05:29,249 [INFO] PluginManager:220 - loadIPPluginJar : add ucpd
2024-08-02 13:05:29,252 [INFO] IPUIPlugin:80 - create IPUIPlugin
2024-08-02 13:05:29,252 [INFO] PluginManager:220 - loadIPPluginJar : add usart
2024-08-02 13:05:29,255 [INFO] IPUIPlugin:80 - create IPUIPlugin
2024-08-02 13:05:29,255 [INFO] PluginManager:220 - loadIPPluginJar : add usbx
2024-08-02 13:05:29,385 [INFO] CADModel:165 - CPN selected for project level
2024-08-02 13:05:29,385 [INFO] CADModel:114 - Register for checkConnection events
2024-08-02 13:05:29,385 [FATAL] Updater:334 - Updater called before beeing initialized
2024-08-02 13:05:29,385 [ERROR] CADModel:125 - Updater not yet initialized, retry later 
2024-08-02 13:05:29,541 [INFO] CADModel:165 - CPN selected for project level
2024-08-02 13:05:29,541 [INFO] CADModel:114 - Register for checkConnection events
2024-08-02 13:05:29,541 [FATAL] Updater:334 - Updater called before beeing initialized
2024-08-02 13:05:29,541 [ERROR] CADModel:125 - Updater not yet initialized, retry later 
2024-08-02 13:05:29,545 [FATAL] Updater:334 - Updater called before beeing initialized
2024-08-02 13:05:29,651 [FATAL] Updater:334 - Updater called before beeing initialized
2024-08-02 13:05:29,655 [INFO] DbMcusAds:53 - JSON generation date=Thu May 16 12:22:00 MSK 2024 (1715851320667)
2024-08-02 13:05:29,655 [FATAL] Updater:334 - Updater called before beeing initialized
2024-08-02 13:05:29,692 [WARN] DetailPanel:346 - Failed to get advertising image, set to default
2024-08-02 13:05:29,773 [FATAL] Updater:334 - Updater called before beeing initialized
2024-08-02 13:05:29,774 [FATAL] Updater:334 - Updater called before beeing initialized
2024-08-02 13:05:29,774 [FATAL] Updater:334 - Updater called before beeing initialized
2024-08-02 13:05:29,774 [WARN] DetailPanel:346 - Failed to get advertising image, set to default
2024-08-02 13:05:29,775 [FATAL] Updater:334 - Updater called before beeing initialized
2024-08-02 13:05:29,824 [ERROR] Updater:1164 - MainUpdater not yet initialized. External WinMGr cannot be set.
2024-08-02 13:05:29,827 [INFO] Updater:1100 - Updater Version found : 6.12.0
2024-08-02 13:05:29,862 [INFO] ApplicationProperties:184 - Using Application install path: D:\StmCubeIDE\STM32CubeIDE_1.16.0\STM32CubeIDE\plugins\com.st.stm32cube.common.mx_6.12.0.202406281431
2024-08-02 13:05:31,442 [ERROR] LogOutputStream:75 - [STDERR_REDIRECT] Aug 02, 2024 1:05:31 PM java.util.prefs.WindowsPreferences <init>
2024-08-02 13:05:31,444 [ERROR] LogOutputStream:75 - [STDERR_REDIRECT] WARNING: Could not open/create prefs root node Software\JavaSoft\Prefs at root 0xffffffff80000002. Windows RegCreateKeyEx(...) returned error code 5.
2024-08-02 13:05:31,444 [ERROR] LogOutputStream:75 - [STDERR_REDIRECT] 
2024-08-02 13:05:31,524 [INFO] ThirdPartyUpdaterWithRetryManager:70 - Updater plugin not ready yet. [2/15]
2024-08-02 13:05:31,804 [ERROR] CheckConnectionManager:249 - Problem, Http access forbiden
2024-08-02 13:05:31,807 [INFO] MainUpdater:2873 - connection check result : 22
2024-08-02 13:05:31,807 [INFO] MainUpdater:290 - Updater Check For Update Now.
2024-08-02 13:05:31,807 [INFO] MicroXplorer:498 - Change Database Version : DB.6.0.120
2024-08-02 13:05:31,812 [INFO] McuFinderGlobals:63 - Set McuFinder mode to 2 (CubeIDE integrated)
2024-08-02 13:05:31,813 [INFO] UserAuth:417 - Internet connection configuration mode: 2
2024-08-02 13:05:31,819 [INFO] UserAuth:417 - Internet connection configuration mode: 2
2024-08-02 13:05:31,970 [INFO] CheckServerUpdateThread:120 - End of CheckServer Thread
2024-08-02 13:05:34,616 [WARN] PackLoader:240 - Cannot read IP mode file for STMicroelectronics.X-CUBE-BLE2.3.3.0
2024-08-02 13:05:34,619 [INFO] ThirdParty:978 - Integrity check success = true
2024-08-02 13:05:34,619 [INFO] IntegrityCheckThread:100 - exiting critical section [integrity check]
2024-08-02 13:05:34,619 [INFO] IntegrityCheckThread:103 - End integrity checks thread
2024-08-02 17:56:48,746 [ERROR] LogOutputStream:75 - [STDERR_REDIRECT] 
