2024-07-28 20:49:36,716 [WARN] IP:2191 - I2C_Coeff_DF not found: check if there is a RefParameter without a condition.
2024-07-28 20:49:36,742 [WARN] IP:2191 - Analog_Filter not found: check if there is a RefParameter without a condition.
2024-07-28 20:49:36,764 [WARN] IP:2191 - I2C_Coeff_DF not found: check if there is a RefParameter without a condition.
2024-07-28 20:49:36,765 [WARN] IP:2191 - Analog_Filter not found: check if there is a RefParameter without a condition.
2024-07-28 20:49:36,765 [WARN] IP:2191 - I2C_Coeff_DF not found: check if there is a RefParameter without a condition.
2024-07-28 20:49:36,765 [WARN] IP:2191 - Analog_Filter not found: check if there is a RefParameter without a condition.
2024-07-28 20:49:36,811 [WARN] IP:2191 - I2C_Coeff_DF not found: check if there is a RefParameter without a condition.
2024-07-28 20:49:36,811 [WARN] IP:2191 - Analog_Filter not found: check if there is a RefParameter without a condition.
2024-07-28 20:49:36,812 [WARN] IP:2191 - I2C_Coeff_DF not found: check if there is a RefParameter without a condition.
2024-07-28 20:49:36,812 [WARN] IP:2191 - Analog_Filter not found: check if there is a RefParameter without a condition.
2024-07-28 20:59:11,716 [WARN] IP:2191 - I2C_Coeff_DF not found: check if there is a RefParameter without a condition.
2024-07-28 20:59:11,716 [WARN] IP:2191 - Analog_Filter not found: check if there is a RefParameter without a condition.
2024-07-28 20:59:11,717 [WARN] IP:2191 - I2C_Coeff_DF not found: check if there is a RefParameter without a condition.
2024-07-28 20:59:11,717 [WARN] IP:2191 - Analog_Filter not found: check if there is a RefParameter without a condition.
2024-07-28 20:59:11,755 [WARN] IP:2191 - I2C_Coeff_DF not found: check if there is a RefParameter without a condition.
2024-07-28 20:59:11,755 [WARN] IP:2191 - Analog_Filter not found: check if there is a RefParameter without a condition.
2024-07-28 22:48:11,538 [ERROR] CheckConnectionManager:249 - Problem, Http access forbiden
2024-07-28 22:48:11,542 [INFO] MainUpdater:2873 - connection check result : 22
2024-07-28 22:48:11,627 [INFO] MicroXplorer:468 - Change Database Path : 
2024-07-28 22:48:11,627 [INFO] MicroXplorer:498 - Change Database Version : DB.6.0.120
2024-07-28 22:48:11,649 [ERROR] ProjectManagerView:394 - 
java.lang.NullPointerException: Cannot invoke "javax.swing.JTextField.getText()" because the return value of "java.util.List.get(int)" is null
	at com.st.microxplorer.plugins.projectmanager.gui.ProjectChoiceTab$10.caretUpdate(ProjectChoiceTab.java:2622) ~[filemanager.jar:?]
	at javax.swing.text.JTextComponent.fireCaretUpdate(JTextComponent.java:412) ~[?:?]
	at javax.swing.text.JTextComponent$MutableCaretEvent.fire(JTextComponent.java:4491) ~[?:?]
	at javax.swing.text.JTextComponent$MutableCaretEvent.stateChanged(JTextComponent.java:4513) ~[?:?]
	at javax.swing.text.DefaultCaret.fireStateChanged(DefaultCaret.java:842) ~[?:?]
	at javax.swing.text.DefaultCaret.changeCaretPosition(DefaultCaret.java:1313) ~[?:?]
	at javax.swing.text.DefaultCaret.handleSetDot(DefaultCaret.java:1212) ~[?:?]
	at javax.swing.text.DefaultCaret.setDot(DefaultCaret.java:1193) ~[?:?]
	at javax.swing.text.DefaultCaret$Handler.insertUpdate(DefaultCaret.java:1789) ~[?:?]
	at javax.swing.text.AbstractDocument.fireInsertUpdate(AbstractDocument.java:226) ~[?:?]
	at javax.swing.text.AbstractDocument.handleInsertString(AbstractDocument.java:780) ~[?:?]
	at javax.swing.text.AbstractDocument.insertString(AbstractDocument.java:739) ~[?:?]
	at javax.swing.text.PlainDocument.insertString(PlainDocument.java:131) ~[?:?]
	at javax.swing.text.AbstractDocument.replace(AbstractDocument.java:698) ~[?:?]
	at javax.swing.text.JTextComponent.setText(JTextComponent.java:1729) ~[?:?]
	at com.st.microxplorer.plugins.projectmanager.gui.ProjectChoiceTab.createHeapStackFields(ProjectChoiceTab.java:972) ~[filemanager.jar:?]
	at com.st.microxplorer.plugins.projectmanager.gui.ProjectChoiceTab.buildLinkSettingsPanel(ProjectChoiceTab.java:3597) ~[filemanager.jar:?]
	at com.st.microxplorer.plugins.projectmanager.gui.ProjectChoiceTab.defineWindowsFields(ProjectChoiceTab.java:1940) ~[filemanager.jar:?]
	at com.st.microxplorer.plugins.projectmanager.gui.ProjectChoiceTab.updateSettings(ProjectChoiceTab.java:550) ~[filemanager.jar:?]
	at com.st.microxplorer.plugins.projectmanager.gui.ProjectSettingsPanel.UpdateDialog(ProjectSettingsPanel.java:245) ~[filemanager.jar:?]
	at com.st.microxplorer.plugins.projectmanager.ProjectManagerView.propertyChange(ProjectManagerView.java:391) ~[filemanager.jar:?]
	at java.beans.PropertyChangeSupport.fire(PropertyChangeSupport.java:343) ~[?:?]
	at java.beans.PropertyChangeSupport.firePropertyChange(PropertyChangeSupport.java:335) ~[?:?]
	at java.beans.PropertyChangeSupport.firePropertyChange(PropertyChangeSupport.java:268) ~[?:?]
	at com.st.microxplorer.util.MXPropertyChangeSupport.firePropertyChange(MXPropertyChangeSupport.java:54) ~[STM32CubeMX.jar:?]
	at com.st.microxplorer.mxsystem.MxSystem.closeConfig(MxSystem.java:900) ~[STM32CubeMX.jar:?]
	at com.st.microxplorer.maingui.MainPanel.closeConfig(MainPanel.java:781) ~[STM32CubeMX.jar:?]
	at com.st.microxplorer.plugins.filemanager.engine.OpenFileManager.loadConfigurationFile(OpenFileManager.java:265) ~[filemanager.jar:?]
	at com.st.microxplorer.plugins.filemanager.engine.MainFileManager.userLoadConfig(MainFileManager.java:352) ~[filemanager.jar:?]
	at com.st.microxplorer.plugins.filemanager.engine.MainFileManager.userLoadConfig(MainFileManager.java:330) ~[filemanager.jar:?]
	at com.st.microxplorer.plugins.filemanager.FileManagerView.getSpecificTask(FileManagerView.java:246) ~[filemanager.jar:?]
	at com.st.stm32cube.common.mx.editor.CubeMxEditor.getMxTabbedPaneInstance(CubeMxEditor.java:1198) ~[com.st.stm32cube.common.mx_6.12.0.202406281431/:?]
	at com.st.stm32cube.common.mx.editor.CubeMxEditor$12$1.createSwingComponent(CubeMxEditor.java:1068) ~[com.st.stm32cube.common.mx_6.12.0.202406281431/:?]
	at com.st.stm32cube.common.mx.oss.core.awtswtbridge.EmbeddedSwingComposite.doComponentCreation(EmbeddedSwingComposite.java:492) ~[com.st.stm32cube.common.mx.oss_6.12.0.202406281431/:?]
	at com.st.stm32cube.common.mx.oss.core.awtswtbridge.EmbeddedSwingComposite$4.run(EmbeddedSwingComposite.java:291) ~[com.st.stm32cube.common.mx.oss_6.12.0.202406281431/:?]
	at com.st.stm32cube.common.mx.oss.core.awtswtbridge.AwtEnvironment$2.run(AwtEnvironment.java:166) ~[com.st.stm32cube.common.mx.oss_6.12.0.202406281431/:?]
	at java.awt.event.InvocationEvent.dispatch(InvocationEvent.java:318) ~[?:?]
	at java.awt.EventQueue.dispatchEventImpl(EventQueue.java:773) ~[?:?]
	at java.awt.EventQueue$4.run(EventQueue.java:720) ~[?:?]
	at java.awt.EventQueue$4.run(EventQueue.java:714) ~[?:?]
	at java.security.AccessController.doPrivileged(AccessController.java:399) ~[?:?]
	at java.security.ProtectionDomain$JavaSecurityAccessImpl.doIntersectionPrivilege(ProtectionDomain.java:86) ~[?:?]
	at java.awt.EventQueue.dispatchEvent(EventQueue.java:742) ~[?:?]
	at java.awt.EventDispatchThread.pumpOneEventForFilters(EventDispatchThread.java:203) ~[?:?]
	at java.awt.EventDispatchThread.pumpEventsForFilter(EventDispatchThread.java:124) ~[?:?]
	at java.awt.EventDispatchThread.pumpEventsForHierarchy(EventDispatchThread.java:113) ~[?:?]
	at java.awt.EventDispatchThread.pumpEvents(EventDispatchThread.java:109) ~[?:?]
	at java.awt.EventDispatchThread.pumpEvents(EventDispatchThread.java:101) ~[?:?]
	at java.awt.EventDispatchThread.run(EventDispatchThread.java:90) ~[?:?]
2024-07-28 22:48:11,665 [WARN] ThirdParty:871 - waiting for thirdparty lock release [close project]
2024-07-28 22:48:11,665 [INFO] ThirdParty:873 - entering critical section [close project]
2024-07-28 22:48:11,666 [INFO] ThirdParty:883 - exiting critical section [close project]
2024-07-28 22:48:11,667 [INFO] PinOutPanel:1561 - setPackage(No Configuration,No Configuration)
2024-07-28 22:48:11,676 [WARN] IpParametersView:151 - Warning: This peripheral hasn't parameters
2024-07-28 22:48:11,681 [WARN] MainPanel:284 - <html><b><center>Warning: This peripheral has no parameters to be configured<br></b></html>
2024-07-28 22:48:11,695 [INFO] UtilMem:75 - Begin LoadConfig() Used Memory: 494163280 Bytes (699400192)
2024-07-28 22:48:11,697 [INFO] MicroXplorer:468 - Change Database Path : 
2024-07-28 22:48:11,697 [INFO] MicroXplorer:498 - Change Database Version : DB.6.0.120
2024-07-28 22:48:11,697 [INFO] OpenFileManager:332 - Change cursor
2024-07-28 22:48:11,720 [INFO] RulesReader:64 - Compatibility file has been processed (297 Rules)
2024-07-28 22:48:11,731 [INFO] Mcu:2032 - Initializing MCU STM32F401R(D-E)Tx STM32F401RETx STM32F401RET6
2024-07-28 22:48:12,724 [INFO] Context:742 - Trying to add GPIOservice into a context  which must be forbidden
2024-07-28 22:48:12,918 [INFO] RtosManager:555 - Registered RTOS mode: class=CMSIS, group=RTOS, mode=CMSIS_V1, owner=FREERTOS
2024-07-28 22:48:12,918 [INFO] RtosManager:555 - Registered RTOS mode: class=CMSIS, group=RTOS2, mode=CMSIS_V2, owner=FREERTOS
2024-07-28 22:48:12,918 [INFO] RtosManager:555 - Registered RTOS mode: class=RTOS, group=Core, mode=CMSIS_V1, owner=FREERTOS
2024-07-28 22:48:12,919 [INFO] RtosManager:555 - Registered RTOS mode: class=RTOS, group=Core, mode=CMSIS_V2, owner=FREERTOS
2024-07-28 22:48:12,919 [WARN] ModelIntegratedComponent:184 - Missing modes for component STMicroelectronics:FreeRTOS:0.0.1:STMicroelectronics:RTOS:FreeRTOS:Core:::10.2.0:
2024-07-28 22:48:12,919 [WARN] ModelIntegratedComponent:63 - No mode defined for component null
2024-07-28 22:48:12,919 [WARN] ModelIntegratedComponent:63 - No mode defined for component null
2024-07-28 22:48:12,919 [WARN] ModelIntegratedComponent:63 - No mode defined for component null
2024-07-28 22:48:12,919 [WARN] ModelIntegratedComponent:63 - No mode defined for component null
2024-07-28 22:48:12,919 [WARN] ModelIntegratedComponent:63 - No mode defined for component null
2024-07-28 22:48:12,919 [WARN] ModelIntegratedComponent:63 - No mode defined for component null
2024-07-28 22:48:12,919 [WARN] ModelIntegratedComponent:63 - No mode defined for component null
2024-07-28 22:48:12,919 [WARN] ModelIntegratedComponent:63 - No mode defined for component null
2024-07-28 22:48:12,919 [WARN] ModelIntegratedComponent:63 - No mode defined for component null
2024-07-28 22:48:12,919 [WARN] ModelIntegratedComponent:63 - No mode defined for component null
2024-07-28 22:48:12,919 [WARN] ModelIntegratedComponent:63 - No mode defined for component null
2024-07-28 22:48:12,919 [WARN] ModelIntegratedComponent:63 - No mode defined for component null
2024-07-28 22:48:12,919 [WARN] ModelIntegratedComponent:63 - No mode defined for component null
2024-07-28 22:48:12,919 [WARN] ModelIntegratedComponent:63 - No mode defined for component null
2024-07-28 22:48:12,919 [WARN] ModelIntegratedComponent:63 - No mode defined for component null
2024-07-28 22:48:12,919 [WARN] ModelIntegratedComponent:63 - No mode defined for component null
2024-07-28 22:48:12,919 [WARN] ModelIntegratedComponent:63 - No mode defined for component null
2024-07-28 22:48:12,919 [WARN] ModelIntegratedComponent:63 - No mode defined for component null
2024-07-28 22:48:12,919 [WARN] ModelIntegratedComponent:63 - No mode defined for component null
2024-07-28 22:48:12,919 [WARN] ModelIntegratedComponent:63 - No mode defined for component null
2024-07-28 22:48:12,919 [WARN] ModelIntegratedComponent:63 - No mode defined for component null
2024-07-28 22:48:12,919 [WARN] ModelIntegratedComponent:63 - No mode defined for component null
2024-07-28 22:48:12,921 [WARN] ModelIntegratedComponent:63 - No mode defined for component null
2024-07-28 22:48:12,921 [WARN] ModelIntegratedComponent:63 - No mode defined for component null
2024-07-28 22:48:12,921 [WARN] ModelIntegratedComponent:63 - No mode defined for component null
2024-07-28 22:48:12,921 [WARN] ModelIntegratedComponent:63 - No mode defined for component null
2024-07-28 22:48:12,921 [WARN] ModelIntegratedComponent:63 - No mode defined for component null
2024-07-28 22:48:12,921 [WARN] ModelIntegratedComponent:63 - No mode defined for component null
2024-07-28 22:48:12,921 [WARN] ModelIntegratedComponent:63 - No mode defined for component null
2024-07-28 22:48:12,921 [WARN] ModelIntegratedComponent:63 - No mode defined for component null
2024-07-28 22:48:12,921 [WARN] ModelIntegratedComponent:63 - No mode defined for component null
2024-07-28 22:48:12,921 [WARN] ModelIntegratedComponent:63 - No mode defined for component null
2024-07-28 22:48:12,921 [WARN] ModelIntegratedComponent:63 - No mode defined for component null
2024-07-28 22:48:12,921 [WARN] ModelIntegratedComponent:63 - No mode defined for component null
2024-07-28 22:48:12,921 [WARN] ModelIntegratedComponent:63 - No mode defined for component null
2024-07-28 22:48:12,921 [WARN] ModelPack:524 - Component already loaded: STMicroelectronics:HAL Drivers:0.0.0:STMicroelectronics:Device:STMicro_Driver:XSPI:HAL::0.0.1:HAL_XSPI
2024-07-28 22:48:12,923 [INFO] ThirdPartyModel:298 - Start build external matchings
2024-07-28 22:48:12,924 [INFO] ThirdPartyModel:316 - End build external matchings
2024-07-28 22:48:12,929 [INFO] RtosManager:919 - Current active RTOS is FREERTOS [Cortex-M4NS]
2024-07-28 22:48:12,935 [INFO] ImportTextPane:205 - (OptionalMessage_ERROR) IP (RCC) : Parameter (RTCHSEDivFreq_Value) has invalid value (4000000)
2024-07-28 22:48:13,174 [INFO] UtilMem:75 - End LoadConfig() Used Memory: 317548976 Bytes (699400192)
2024-07-28 22:48:13,224 [WARN] ThirdParty:833 - waiting for thirdparty lock release [change project]
2024-07-28 22:48:13,224 [INFO] ThirdParty:835 - entering critical section [change project]
2024-07-28 22:48:13,224 [INFO] ThirdParty:1030 - CMSIS Pack Vendor :STMicroelectronics USBPD 4.1
2024-07-28 22:48:13,224 [INFO] ThirdParty:1030 - CMSIS Pack Vendor :STMicroelectronics ThreadX 1.0.0
2024-07-28 22:48:13,224 [INFO] ThirdParty:1030 - CMSIS Pack Vendor :STMicroelectronics USB_HOST 2.0.0
2024-07-28 22:48:13,224 [INFO] ThirdParty:1030 - CMSIS Pack Vendor :STMicroelectronics LIBJPEG 8.0.0
2024-07-28 22:48:13,224 [INFO] ThirdParty:1030 - CMSIS Pack Vendor :STMicroelectronics FreeRTOS 0.0.1
2024-07-28 22:48:13,224 [INFO] ThirdParty:1030 - CMSIS Pack Vendor :STMicroelectronics USB_DEVICE 1.0.0
2024-07-28 22:48:13,224 [INFO] ThirdParty:1030 - CMSIS Pack Vendor :STMicroelectronics STM32_WPAN 1.0.0
2024-07-28 22:48:13,224 [INFO] ThirdParty:1030 - CMSIS Pack Vendor :STMicroelectronics USB_DEVICE 3.0.0
2024-07-28 22:48:13,224 [INFO] ThirdParty:1030 - CMSIS Pack Vendor :STMicroelectronics HAL Drivers 0.0.0
2024-07-28 22:48:13,224 [INFO] ThirdParty:1030 - CMSIS Pack Vendor :STMicroelectronics MBEDTLS 2.16.2
2024-07-28 22:48:13,224 [INFO] ThirdParty:1030 - CMSIS Pack Vendor :STMicroelectronics ThreadX 0.0.2
2024-07-28 22:48:13,224 [INFO] ThirdParty:1030 - CMSIS Pack Vendor :STMicroelectronics lwIP 2.0.3
2024-07-28 22:48:13,224 [INFO] ThirdParty:1030 - CMSIS Pack Vendor :STMicroelectronics lwIP 2.1.2
2024-07-28 22:48:13,224 [INFO] ThirdParty:1030 - CMSIS Pack Vendor :STMicroelectronics MBEDTLS 2.14.1
2024-07-28 22:48:13,224 [INFO] ThirdParty:1030 - CMSIS Pack Vendor :STMicroelectronics X-CUBE-BLE2 3.3.0
2024-07-28 22:48:13,224 [INFO] ThirdParty:1030 - CMSIS Pack Vendor :STMicroelectronics USB_HOST 1.0.0
2024-07-28 22:48:13,224 [INFO] ThirdParty:1030 - CMSIS Pack Vendor :STMicroelectronics PDM2PCM 3.1.0
2024-07-28 22:48:13,224 [INFO] ThirdParty:1030 - CMSIS Pack Vendor :STMicroelectronics PDM2PCM 3.2.0
2024-07-28 22:48:13,224 [INFO] ThirdParty:1030 - CMSIS Pack Vendor :STMicroelectronics USB_DEVICE 2.0.0
2024-07-28 22:48:13,224 [INFO] ThirdParty:1030 - CMSIS Pack Vendor :STMicroelectronics PDM2PCM 3.3.0
2024-07-28 22:48:13,226 [INFO] ThirdParty:841 - exiting critical section [change project]
2024-07-28 22:48:13,330 [INFO] PinOutPanel:1561 - setPackage(No Configuration,No Configuration)
2024-07-28 22:48:13,332 [INFO] PinOutPanel:1561 - setPackage(STM32F401RETx,LQFP64)
2024-07-28 22:48:13,538 [INFO] UtilMem:75 - Before build in PCC Used Memory: 438325696 Bytes (699400192)
2024-07-28 22:48:13,768 [INFO] UtilMem:75 - After build in PCC Used Memory: 482892224 Bytes (699400192)
2024-07-28 22:48:13,800 [INFO] ApiDbMcu:508 - Load IP Config File for FREERTOS
2024-07-28 22:48:13,812 [INFO] IPUIPlugin:80 - create IPUIPlugin
2024-07-28 22:48:13,812 [INFO] IPUIPlugin:80 - create IPUIPlugin
2024-07-28 22:48:13,812 [INFO] IPUIPlugin:80 - create IPUIPlugin
2024-07-28 22:48:13,812 [INFO] IPUIPlugin:80 - create IPUIPlugin
2024-07-28 22:48:13,812 [INFO] IPUIPlugin:80 - create IPUIPlugin
2024-07-28 22:48:13,812 [INFO] IPUIPlugin:80 - create IPUIPlugin
2024-07-28 22:48:13,812 [INFO] IPUIPlugin:80 - create IPUIPlugin
2024-07-28 22:48:13,812 [INFO] IPUIPlugin:80 - create IPUIPlugin
2024-07-28 22:48:13,813 [INFO] IPUIPlugin:80 - create IPUIPlugin
2024-07-28 22:48:13,813 [INFO] IPUIPlugin:80 - create IPUIPlugin
2024-07-28 22:48:13,813 [INFO] IPUIPlugin:80 - create IPUIPlugin
2024-07-28 22:48:13,813 [INFO] IPUIPlugin:80 - create IPUIPlugin
2024-07-28 22:48:13,813 [INFO] IPUIPlugin:80 - create IPUIPlugin
2024-07-28 22:48:13,813 [INFO] IPUIPlugin:80 - create IPUIPlugin
2024-07-28 22:48:13,813 [INFO] IPUIPlugin:80 - create IPUIPlugin
2024-07-28 22:48:13,814 [INFO] IPUIPlugin:80 - create IPUIPlugin
2024-07-28 22:48:13,814 [INFO] IPUIPlugin:80 - create IPUIPlugin
2024-07-28 22:48:13,814 [INFO] IPUIPlugin:80 - create IPUIPlugin
2024-07-28 22:48:13,814 [INFO] IPUIPlugin:80 - create IPUIPlugin
2024-07-28 22:48:13,814 [INFO] IPUIPlugin:80 - create IPUIPlugin
2024-07-28 22:48:13,814 [INFO] IPUIPlugin:80 - create IPUIPlugin
2024-07-28 22:48:13,814 [INFO] IPUIPlugin:80 - create IPUIPlugin
2024-07-28 22:48:13,814 [INFO] IPUIPlugin:80 - create IPUIPlugin
2024-07-28 22:48:13,815 [INFO] IPUIPlugin:80 - create IPUIPlugin
2024-07-28 22:48:13,815 [INFO] IPUIPlugin:80 - create IPUIPlugin
2024-07-28 22:48:13,815 [INFO] IPUIPlugin:80 - create IPUIPlugin
2024-07-28 22:48:13,815 [INFO] IPUIPlugin:80 - create IPUIPlugin
2024-07-28 22:48:13,815 [INFO] IPUIPlugin:80 - create IPUIPlugin
2024-07-28 22:48:13,815 [INFO] IPUIPlugin:80 - create IPUIPlugin
2024-07-28 22:48:13,816 [INFO] IPUIPlugin:80 - create IPUIPlugin
2024-07-28 22:48:13,816 [INFO] IPUIPlugin:80 - create IPUIPlugin
2024-07-28 22:48:13,816 [INFO] IPUIPlugin:80 - create IPUIPlugin
2024-07-28 22:48:13,816 [INFO] IPUIPlugin:80 - create IPUIPlugin
2024-07-28 22:48:13,816 [INFO] IPUIPlugin:80 - create IPUIPlugin
2024-07-28 22:48:13,816 [INFO] IPUIPlugin:80 - create IPUIPlugin
2024-07-28 22:48:13,817 [INFO] IPUIPlugin:80 - create IPUIPlugin
2024-07-28 22:48:13,817 [INFO] IPUIPlugin:80 - create IPUIPlugin
2024-07-28 22:48:13,817 [INFO] IPUIPlugin:80 - create IPUIPlugin
2024-07-28 22:48:13,825 [INFO] ApiDbMcu:508 - Load IP Config File for PDM2PCM
2024-07-28 22:48:13,849 [WARN] FreeRTOS:1023 - Null or empty value: should not occur! (nothing added to the table)
2024-07-28 22:48:13,907 [INFO] CADModel:165 - CPN selected for project levelSTM32F401RET6
2024-07-28 22:48:13,907 [INFO] CADModel:114 - Register for checkConnection events
2024-07-28 22:48:13,909 [INFO] RtosManager:697 - Active RTOS found at IOC load: FREERTOS [Cortex-M4NS]
2024-07-28 22:48:13,972 [INFO] OpenFileManager:363 - Restore cursor
2024-07-28 22:48:50,745 [INFO] McuFinderGlobals:76 - Set McuFinderConnectedMode to false
2024-07-28 22:48:50,758 [INFO] MultiScanPanel:200 - Auto-refresh data requested => check proxy status ongoing
2024-07-28 22:48:50,758 [INFO] MultiScanPanel:204 - Proxy status is invalid
2024-07-28 22:48:50,763 [INFO] FinderPluginLoader:95 - Searching for filters in installed packs
2024-07-28 22:48:51,846 [INFO] DetailPanel:341 - Set advertising image to C:/Users/pasha/STM32Cube/Repository/\en.prom-stm32h7rs-mcu-finder.jpg
2024-07-28 22:49:04,115 [INFO] MultiScanPanel:200 - Auto-refresh data requested => check proxy status ongoing
2024-07-28 22:49:04,115 [INFO] MultiScanPanel:204 - Proxy status is invalid
2024-07-28 22:49:04,215 [INFO] DetailPanel:341 - Set advertising image to C:/Users/pasha/STM32Cube/Repository/\en.prom-stm32h7rs-mcu-finder.jpg
2024-07-28 22:49:04,224 [INFO] DbBoards:642 - Loading board mini-images...
2024-07-28 22:49:04,438 [ERROR] DbBoards:659 - Image file not found for board NUCLEO-C071RB: C:\Users\pasha\.stmcufinder\plugins\mcufinder//mcu//boards_images/NUCLEO-C071RB.jpg
2024-07-28 22:49:05,288 [ERROR] DbBoards:659 - Image file not found for board NUCLEO-WB05KZ: C:\Users\pasha\.stmcufinder\plugins\mcufinder//mcu//boards_images/NUCLEO-WB05KZ.jpg
2024-07-28 22:49:05,288 [ERROR] DbBoards:659 - Image file not found for board NUCLEO-WB07CC: C:\Users\pasha\.stmcufinder\plugins\mcufinder//mcu//boards_images/NUCLEO-WB07CC.jpg
2024-07-28 22:49:05,288 [ERROR] DbBoards:659 - Image file not found for board NUCLEO-WB09KE: C:\Users\pasha\.stmcufinder\plugins\mcufinder//mcu//boards_images/NUCLEO-WB09KE.jpg
2024-07-28 22:49:06,580 [ERROR] DbBoards:659 - Image file not found for board STM32MP257F-DK: C:\Users\pasha\.stmcufinder\plugins\mcufinder//mcu//boards_images/STM32MP257F-DK.jpg
2024-07-28 22:49:06,581 [ERROR] DbBoards:659 - Image file not found for board STM32MP257F-EV1: C:\Users\pasha\.stmcufinder\plugins\mcufinder//mcu//boards_images/STM32MP257F-EV1.jpg
2024-07-28 22:49:06,660 [INFO] DbBoards:665 - Loaded 195 board mini-images
2024-07-28 22:49:45,450 [ERROR] CheckConnectionManager:249 - Problem, Http access forbiden
2024-07-28 22:49:45,451 [INFO] MainUpdater:2873 - connection check result : 22
2024-07-28 22:49:45,465 [ERROR] IocParser:57 - IOException caught: D:\STMProj\500mc\500mc.ioc (Системе не удается найти указанный путь)
2024-07-28 22:49:45,466 [ERROR] PeripheralListParser:95 - Something went wrong with ioc file reading: D:\STMProj\500mc\500mc.ioc (Системе не удается найти указанный путь)
2024-07-28 22:49:45,466 [ERROR] RegexParser:59 - Issue caught when parsing regex: D:\STMProj\500mc\500mc.ioc (Системе не удается найти указанный путь)
2024-07-28 22:49:45,507 [INFO] MicroXplorer:468 - Change Database Path : 
2024-07-28 22:49:45,507 [INFO] MicroXplorer:498 - Change Database Version : DB.6.0.120
2024-07-28 22:49:45,512 [ERROR] ProjectManagerView:394 - 
java.lang.NullPointerException: Cannot invoke "javax.swing.JTextField.getText()" because the return value of "java.util.List.get(int)" is null
	at com.st.microxplorer.plugins.projectmanager.gui.ProjectChoiceTab$10.caretUpdate(ProjectChoiceTab.java:2622) ~[filemanager.jar:?]
	at javax.swing.text.JTextComponent.fireCaretUpdate(JTextComponent.java:412) ~[?:?]
	at javax.swing.text.JTextComponent$MutableCaretEvent.fire(JTextComponent.java:4491) ~[?:?]
	at javax.swing.text.JTextComponent$MutableCaretEvent.stateChanged(JTextComponent.java:4513) ~[?:?]
	at javax.swing.text.DefaultCaret.fireStateChanged(DefaultCaret.java:842) ~[?:?]
	at javax.swing.text.DefaultCaret.changeCaretPosition(DefaultCaret.java:1313) ~[?:?]
	at javax.swing.text.DefaultCaret.handleSetDot(DefaultCaret.java:1212) ~[?:?]
	at javax.swing.text.DefaultCaret.setDot(DefaultCaret.java:1193) ~[?:?]
	at javax.swing.text.DefaultCaret$Handler.insertUpdate(DefaultCaret.java:1789) ~[?:?]
	at javax.swing.text.AbstractDocument.fireInsertUpdate(AbstractDocument.java:226) ~[?:?]
	at javax.swing.text.AbstractDocument.handleInsertString(AbstractDocument.java:780) ~[?:?]
	at javax.swing.text.AbstractDocument.insertString(AbstractDocument.java:739) ~[?:?]
	at javax.swing.text.PlainDocument.insertString(PlainDocument.java:131) ~[?:?]
	at javax.swing.text.AbstractDocument.replace(AbstractDocument.java:698) ~[?:?]
	at javax.swing.text.JTextComponent.setText(JTextComponent.java:1729) ~[?:?]
	at com.st.microxplorer.plugins.projectmanager.gui.ProjectChoiceTab.createHeapStackFields(ProjectChoiceTab.java:972) ~[filemanager.jar:?]
	at com.st.microxplorer.plugins.projectmanager.gui.ProjectChoiceTab.buildLinkSettingsPanel(ProjectChoiceTab.java:3597) ~[filemanager.jar:?]
	at com.st.microxplorer.plugins.projectmanager.gui.ProjectChoiceTab.defineWindowsFields(ProjectChoiceTab.java:1940) ~[filemanager.jar:?]
	at com.st.microxplorer.plugins.projectmanager.gui.ProjectChoiceTab.updateSettings(ProjectChoiceTab.java:550) ~[filemanager.jar:?]
	at com.st.microxplorer.plugins.projectmanager.gui.ProjectSettingsPanel.UpdateDialog(ProjectSettingsPanel.java:245) ~[filemanager.jar:?]
	at com.st.microxplorer.plugins.projectmanager.ProjectManagerView.propertyChange(ProjectManagerView.java:391) ~[filemanager.jar:?]
	at java.beans.PropertyChangeSupport.fire(PropertyChangeSupport.java:343) ~[?:?]
	at java.beans.PropertyChangeSupport.firePropertyChange(PropertyChangeSupport.java:335) ~[?:?]
	at java.beans.PropertyChangeSupport.firePropertyChange(PropertyChangeSupport.java:268) ~[?:?]
	at com.st.microxplorer.util.MXPropertyChangeSupport.firePropertyChange(MXPropertyChangeSupport.java:54) ~[STM32CubeMX.jar:?]
	at com.st.microxplorer.mxsystem.MxSystem.closeConfig(MxSystem.java:900) ~[STM32CubeMX.jar:?]
	at com.st.microxplorer.maingui.MainPanel.closeConfig(MainPanel.java:781) ~[STM32CubeMX.jar:?]
	at com.st.microxplorer.plugins.filemanager.engine.OpenFileManager.loadConfigurationFile(OpenFileManager.java:265) ~[filemanager.jar:?]
	at com.st.microxplorer.plugins.filemanager.engine.MainFileManager.userLoadConfig(MainFileManager.java:352) ~[filemanager.jar:?]
	at com.st.microxplorer.plugins.filemanager.FileManagerView.getSpecificTask(FileManagerView.java:250) ~[filemanager.jar:?]
	at com.st.stm32cube.common.mx.editor.CubeMxEditor.getMxTabbedPaneInstance(CubeMxEditor.java:1191) ~[com.st.stm32cube.common.mx_6.12.0.202406281431/:?]
	at com.st.stm32cube.common.mx.editor.CubeMxEditor$12$1.createSwingComponent(CubeMxEditor.java:1068) ~[com.st.stm32cube.common.mx_6.12.0.202406281431/:?]
	at com.st.stm32cube.common.mx.oss.core.awtswtbridge.EmbeddedSwingComposite.doComponentCreation(EmbeddedSwingComposite.java:492) ~[com.st.stm32cube.common.mx.oss_6.12.0.202406281431/:?]
	at com.st.stm32cube.common.mx.oss.core.awtswtbridge.EmbeddedSwingComposite$4.run(EmbeddedSwingComposite.java:291) ~[com.st.stm32cube.common.mx.oss_6.12.0.202406281431/:?]
	at com.st.stm32cube.common.mx.oss.core.awtswtbridge.AwtEnvironment$2.run(AwtEnvironment.java:166) ~[com.st.stm32cube.common.mx.oss_6.12.0.202406281431/:?]
	at java.awt.event.InvocationEvent.dispatch(InvocationEvent.java:318) ~[?:?]
	at java.awt.EventQueue.dispatchEventImpl(EventQueue.java:773) ~[?:?]
	at java.awt.EventQueue$4.run(EventQueue.java:720) ~[?:?]
	at java.awt.EventQueue$4.run(EventQueue.java:714) ~[?:?]
	at java.security.AccessController.doPrivileged(AccessController.java:399) ~[?:?]
	at java.security.ProtectionDomain$JavaSecurityAccessImpl.doIntersectionPrivilege(ProtectionDomain.java:86) ~[?:?]
	at java.awt.EventQueue.dispatchEvent(EventQueue.java:742) ~[?:?]
	at java.awt.EventDispatchThread.pumpOneEventForFilters(EventDispatchThread.java:203) ~[?:?]
	at java.awt.EventDispatchThread.pumpEventsForFilter(EventDispatchThread.java:124) ~[?:?]
	at java.awt.EventDispatchThread.pumpEventsForHierarchy(EventDispatchThread.java:113) ~[?:?]
	at java.awt.EventDispatchThread.pumpEvents(EventDispatchThread.java:109) ~[?:?]
	at java.awt.EventDispatchThread.pumpEvents(EventDispatchThread.java:101) ~[?:?]
	at java.awt.EventDispatchThread.run(EventDispatchThread.java:90) ~[?:?]
2024-07-28 22:49:45,513 [WARN] ThirdParty:871 - waiting for thirdparty lock release [close project]
2024-07-28 22:49:45,513 [INFO] ThirdParty:873 - entering critical section [close project]
2024-07-28 22:49:45,513 [INFO] ThirdParty:883 - exiting critical section [close project]
2024-07-28 22:49:45,514 [INFO] PinOutPanel:1561 - setPackage(No Configuration,No Configuration)
2024-07-28 22:49:45,519 [WARN] IpParametersView:151 - Warning: This peripheral hasn't parameters
2024-07-28 22:49:45,523 [WARN] MainPanel:284 - <html><b><center>Warning: This peripheral has no parameters to be configured<br></b></html>
2024-07-28 22:49:45,525 [INFO] UtilMem:75 - Begin LoadConfig() Used Memory: 620265152 Bytes (788529152)
2024-07-28 22:49:45,526 [INFO] OpenFileManager:332 - Change cursor
2024-07-28 22:49:45,532 [INFO] ProjectFactory:442 - No CPN specified for board NUCLEO-F401RE => set CPN to STM32F401RET6
2024-07-28 22:49:45,532 [INFO] Mcu:2032 - Initializing MCU STM32F401R(D-E)Tx STM32F401RETx STM32F401RET6
2024-07-28 22:49:46,134 [INFO] Context:742 - Trying to add GPIOservice into a context  which must be forbidden
2024-07-28 22:49:46,281 [INFO] Rule:228 - rule 117617 - U5Cobra4M][GTZC] default value MPCBB3 and MPCBB5 - Not Secured memory - MPCBB1 is applicable
2024-07-28 22:49:46,281 [INFO] Rule:228 - rule 117617 - U5Cobra4M][GTZC] default value MPCBB3 and MPCBB5 - Not Secured memory - MPCBB1 is applicable
2024-07-28 22:49:46,281 [INFO] Rule:228 - rule 117617 - U5Cobra4M][GTZC] default value MPCBB3 and MPCBB5 - Not Secured memory - MPCBB2 is applicable
2024-07-28 22:49:46,281 [INFO] Rule:228 - rule 117617 - U5Cobra4M][GTZC] default value MPCBB3 and MPCBB5 - Not Secured memory - MPCBB2 is applicable
2024-07-28 22:49:46,281 [INFO] Rule:228 - rule 117617 - U5Cobra4M][GTZC] default value MPCBB3 and MPCBB5 - Not Secured memory - MPCBB3 is applicable
2024-07-28 22:49:46,281 [INFO] Rule:228 - rule 117617 - U5Cobra4M][GTZC] default value MPCBB3 and MPCBB5 - Not Secured memory - MPCBB3 is applicable
2024-07-28 22:49:46,281 [INFO] Rule:228 - rule 117617 - U5Cobra4M][GTZC] default value MPCBB3 and MPCBB5 - Not Secured memory - MPCBB4 is applicable
2024-07-28 22:49:46,281 [INFO] Rule:228 - rule 117617 - U5Cobra4M][GTZC] default value MPCBB3 and MPCBB5 - Not Secured memory - MPCBB4 is applicable
2024-07-28 22:49:46,281 [INFO] Rule:228 - rule 117617 - U5Cobra4M][GTZC] default value MPCBB3 and MPCBB5 - Secured memory - MPCBB1 is applicable
2024-07-28 22:49:46,281 [INFO] Rule:228 - rule 117617 - U5Cobra4M][GTZC] default value MPCBB3 and MPCBB5 - Secured memory - MPCBB2 is applicable
2024-07-28 22:49:46,281 [INFO] Rule:228 - rule 117617 - U5Cobra4M][GTZC] default value MPCBB3 and MPCBB5 - Secured memory - MPCBB3 is applicable
2024-07-28 22:49:46,281 [INFO] Rule:228 - rule 117617 - U5Cobra4M][GTZC] default value MPCBB3 and MPCBB5 - Secured memory - MPCBB4 is applicable
2024-07-28 22:49:46,281 [INFO] Rule:228 - rule 117617 - U5Cobra4M][GTZC] default value MPCBB3 and MPCBB5 - Privileged memory - MPCBB1 is applicable
2024-07-28 22:49:46,281 [INFO] Rule:228 - rule 117617 - U5Cobra4M][GTZC] default value MPCBB3 and MPCBB5 - Privileged memory - MPCBB2 is applicable
2024-07-28 22:49:46,281 [INFO] Rule:228 - rule 117617 - U5Cobra4M][GTZC] default value MPCBB3 and MPCBB5 - Privileged memory - MPCBB3 is applicable
2024-07-28 22:49:46,281 [INFO] Rule:228 - rule 117617 - U5Cobra4M][GTZC] default value MPCBB3 and MPCBB5 - Privileged memory - MPCBB4 is applicable
2024-07-28 22:49:46,281 [INFO] Rule:228 - rule 117617 - U5Cobra4M][GTZC] default value MPCBB3 and MPCBB5 - Not Privileged memory - MPCBB1 is applicable
2024-07-28 22:49:46,281 [INFO] Rule:228 - rule 117617 - U5Cobra4M][GTZC] default value MPCBB3 and MPCBB5 - Not Privileged memory - MPCBB2 is applicable
2024-07-28 22:49:46,281 [INFO] Rule:228 - rule 117617 - U5Cobra4M][GTZC] default value MPCBB3 and MPCBB5 - Not Privileged memory - MPCBB3 is applicable
2024-07-28 22:49:46,281 [INFO] Rule:228 - rule 117617 - U5Cobra4M][GTZC] default value MPCBB3 and MPCBB5 - Not Privileged memory - MPCBB4 is applicable
2024-07-28 22:49:46,281 [INFO] Rule:228 - rule 117617 - U5Cobra4M][GTZC] default value MPCBB3 and MPCBB5 - Privileged memory - MPCBB1 is applicable
2024-07-28 22:49:46,281 [INFO] Rule:228 - rule 117617 - U5Cobra4M][GTZC] default value MPCBB3 and MPCBB5 - Privileged memory - MPCBB2 is applicable
2024-07-28 22:49:46,281 [INFO] Rule:228 - rule 117617 - U5Cobra4M][GTZC] default value MPCBB3 and MPCBB5 - Privileged memory - MPCBB3 is applicable
2024-07-28 22:49:46,281 [INFO] Rule:228 - rule 117617 - U5Cobra4M][GTZC] default value MPCBB3 and MPCBB5 - Privileged memory - MPCBB4 is applicable
2024-07-28 22:49:46,281 [INFO] Rule:228 - rule 117617 - U5Cobra4M][GTZC] default value MPCBB3 and MPCBB5 - Privileged memory - MPCBB1 is applicable
2024-07-28 22:49:46,281 [INFO] Rule:228 - rule 117617 - U5Cobra4M][GTZC] default value MPCBB3 and MPCBB5 - Privileged memory - MPCBB2 is applicable
2024-07-28 22:49:46,281 [INFO] Rule:228 - rule 117617 - U5Cobra4M][GTZC] default value MPCBB3 and MPCBB5 - Privileged memory - MPCBB3 is applicable
2024-07-28 22:49:46,281 [INFO] Rule:228 - rule 117617 - U5Cobra4M][GTZC] default value MPCBB3 and MPCBB5 - Privileged memory - MPCBB4 is applicable
2024-07-28 22:49:46,281 [INFO] Rule:228 - rule 117617 - U5Cobra4M][GTZC] default value MPCBB3 and MPCBB5 - Not Privileged memory - MPCBB1 is applicable
2024-07-28 22:49:46,281 [INFO] Rule:228 - rule 117617 - U5Cobra4M][GTZC] default value MPCBB3 and MPCBB5 - Not Privileged memory - MPCBB2 is applicable
2024-07-28 22:49:46,281 [INFO] Rule:228 - rule 117617 - U5Cobra4M][GTZC] default value MPCBB3 and MPCBB5 - Not Privileged memory - MPCBB3 is applicable
2024-07-28 22:49:46,281 [INFO] Rule:228 - rule 117617 - U5Cobra4M][GTZC] default value MPCBB3 and MPCBB5 - Not Privileged memory - MPCBB4 is applicable
2024-07-28 22:49:46,281 [INFO] Rule:228 - rule 117617 - U5Cobra4M][GTZC] default value MPCBB3 and MPCBB5 - Privileged memory - MPCBB1 is applicable
2024-07-28 22:49:46,283 [INFO] Rule:228 - rule 117617 - U5Cobra4M][GTZC] default value MPCBB3 and MPCBB5 - Privileged memory - MPCBB2 is applicable
2024-07-28 22:49:46,283 [INFO] Rule:228 - rule 117617 - U5Cobra4M][GTZC] default value MPCBB3 and MPCBB5 - Privileged memory - MPCBB3 is applicable
2024-07-28 22:49:46,283 [INFO] Rule:228 - rule 117617 - U5Cobra4M][GTZC] default value MPCBB3 and MPCBB5 - Privileged memory - MPCBB4 is applicable
2024-07-28 22:49:46,283 [INFO] Rule:228 - rule Rename SubGHz_Phy SUBGHZ_APPLICATION SUBGHZ_PINGPONG to SUBGHZ_ADV_APPLICATION is applicable
2024-07-28 22:49:46,283 [INFO] Rule:228 - rule Rename Enabled to IBEACON is applicable
2024-07-28 22:49:46,283 [INFO] Rule:228 - rule GTZC_S instance for project manager is applicable
2024-07-28 22:49:46,283 [INFO] Rule:228 - rule GTZC_S instance for context M33S is applicable
2024-07-28 22:49:46,283 [INFO] Rule:228 - rule GTZC_S instance value for IP GTZC is applicable
2024-07-28 22:49:46,283 [INFO] Rule:228 - rule GTZC_S instance for mcu.IP is applicable
2024-07-28 22:49:46,283 [INFO] Rule:228 - rule GTZC_S instance for VP is applicable
2024-07-28 22:49:46,283 [INFO] Rule:228 - rule GTZC_S instance for signal is applicable
2024-07-28 22:49:46,283 [INFO] Rule:228 - rule GTZC_S instance for mcu.Pin is applicable
2024-07-28 22:49:46,283 [INFO] Rule:228 - rule GTZC_S instance for VP is applicable
2024-07-28 22:49:46,283 [INFO] Rule:228 - rule GTZC_S instance for signal is applicable
2024-07-28 22:49:46,283 [INFO] Rule:228 - rule GTZC_S instance for mcu is applicable
2024-07-28 22:49:46,283 [INFO] Rule:228 - rule GTZC_S instance for mcu.Pin is applicable
2024-07-28 22:49:46,283 [INFO] Rule:228 - rule GTZC_S instance value for IP GTZC is applicable
2024-07-28 22:49:46,283 [INFO] Rule:228 - rule GTZC_S instance for project manager is applicable
2024-07-28 22:49:46,283 [INFO] Rule:228 - rule GTZC_S instance for context M33S is applicable
2024-07-28 22:49:46,283 [INFO] Rule:228 - rule GTZC_S instance for VP is applicable
2024-07-28 22:49:46,283 [INFO] Rule:228 - rule GTZC_S instance for signal is applicable
2024-07-28 22:49:46,283 [INFO] Rule:228 - rule SPDIFRX instance for mcu is applicable
2024-07-28 22:49:46,283 [INFO] Rule:228 - rule Rename Tracer Mode is applicable
2024-07-28 22:49:46,283 [INFO] Rule:228 - rule SPDIFRX instance value for IP SPDIFRX is applicable
2024-07-28 22:49:46,283 [INFO] Rule:228 - rule SPDIFRX instance for signal is applicable
2024-07-28 22:49:46,283 [INFO] Rule:228 - rule SPDIFRX instance for project manager is applicable
2024-07-28 22:49:46,283 [INFO] Rule:228 - rule SPDIFRX instance for project manager is applicable
2024-07-28 22:49:46,283 [INFO] Rule:228 - rule ADC Scan  fix with FW F7 is applicable
2024-07-28 22:49:46,283 [INFO] Rule:228 - rule ADC Scan  fix with FW F7 is applicable
2024-07-28 22:49:46,283 [INFO] Rule:228 - rule WakeUp0 Mode is applicable
2024-07-28 22:49:46,283 [INFO] Rule:228 - rule WakeUp0 SIGNAL is applicable
2024-07-28 22:49:46,283 [INFO] Rule:228 - rule WakeUp1 Mode is applicable
2024-07-28 22:49:46,283 [INFO] Rule:228 - rule WakeUp1 SIGNAL is applicable
2024-07-28 22:49:46,283 [INFO] Rule:228 - rule WakeUp2 Mode is applicable
2024-07-28 22:49:46,283 [INFO] Rule:228 - rule WakeUp2 SIGNAL is applicable
2024-07-28 22:49:46,283 [INFO] Rule:228 - rule WakeUp4 Mode is applicable
2024-07-28 22:49:46,283 [INFO] Rule:228 - rule WakeUp4 SIGNAL is applicable
2024-07-28 22:49:46,283 [INFO] Rule:228 - rule WakeUp5 Mode is applicable
2024-07-28 22:49:46,283 [INFO] Rule:228 - rule WakeUp5 SIGNAL is applicable
2024-07-28 22:49:46,283 [INFO] Rule:228 - rule Add RTC Activate Clock Source is applicable
2024-07-28 22:49:46,283 [INFO] Rule:228 - rule Add RTC Activate Calendar 1 is applicable
2024-07-28 22:49:46,283 [INFO] Rule:228 - rule Add RTC Activate Calendar 2 is applicable
2024-07-28 22:49:46,284 [INFO] Rule:228 - rule Add RTC Activate Calendar 3 is applicable
2024-07-28 22:49:46,284 [INFO] Rule:228 - rule UART/USART TX Mode is applicable
2024-07-28 22:49:46,284 [INFO] Rule:228 - rule UART/USART RX Mode is applicable
2024-07-28 22:49:46,284 [INFO] Rule:228 - rule UART/USART RX TX Mode is applicable
2024-07-28 22:49:46,284 [INFO] Rule:228 - rule UART/USART PARITY NONE is applicable
2024-07-28 22:49:46,284 [INFO] Rule:228 - rule UART/USART PARITY EVEN is applicable
2024-07-28 22:49:46,284 [INFO] Rule:228 - rule UART/USART PARITY ODD is applicable
2024-07-28 22:49:46,284 [INFO] Rule:228 - rule USART StopBits 1 is applicable
2024-07-28 22:49:46,284 [INFO] Rule:228 - rule USART StopBits 2 is applicable
2024-07-28 22:49:46,284 [INFO] Rule:228 - rule USART StopBits 1.5 is applicable
2024-07-28 22:49:46,284 [INFO] Rule:228 - rule USART StopBits 0.5 is applicable
2024-07-28 22:49:46,284 [INFO] Rule:228 - rule UART/USART WORD LENGTH 7 is applicable
2024-07-28 22:49:46,284 [INFO] Rule:228 - rule UART/USART WORD LENGTH 8 is applicable
2024-07-28 22:49:46,284 [INFO] Rule:228 - rule UART/USART WORD LENGTH 9 is applicable
2024-07-28 22:49:46,284 [INFO] Rule:228 - rule Rename FMC NAND NCE signal is applicable
2024-07-28 22:49:46,284 [INFO] Rule:228 - rule Rename FMC NAND INT signal is applicable
2024-07-28 22:49:46,284 [INFO] Rule:228 - rule Change Default Value for LSE Drive Capability for WB family is applicable
2024-07-28 22:49:46,284 [INFO] Rule:228 - rule Change Default Value for ADC Clock Prescaler G0 family is applicable
2024-07-28 22:49:46,284 [INFO] Rule:228 - rule Change Default Value for ADC ExternalTrigConv L4 family is applicable
2024-07-28 22:49:46,284 [INFO] Rule:228 - rule Change Default Value for ADC ExternalTrigInjecConv L4 family is applicable
2024-07-28 22:49:46,284 [INFO] Rule:228 - rule Change Default Value for ADC ExternalTrigConv F3 family is applicable
2024-07-28 22:49:46,284 [INFO] Rule:228 - rule Change Default Value for ADC ExternalTrigInjecConv F3 family is applicable
2024-07-28 22:49:46,284 [INFO] Rule:228 - rule Change Default Value for ADC ExternalTrigConv Goldfish serie is applicable
2024-07-28 22:49:46,284 [INFO] Rule:228 - rule Change Default Value for ADC ExternalTrigInjecConv Goldfish serie is applicable
2024-07-28 22:49:46,284 [INFO] Rule:228 - rule Change Default Value for ADC ExternalTrigConv L0 family is applicable
2024-07-28 22:49:46,284 [INFO] Rule:228 - rule Change Default Value for ADC ExternalTrigConv F0 family is applicable
2024-07-28 22:49:46,284 [INFO] Rule:228 - rule Change Default Value for ADC ExternalTrigConvn L1 family is applicable
2024-07-28 22:49:46,284 [INFO] Rule:228 - rule Change Default Value for ADC ExternalTrigInjecConv L1 family is applicable
2024-07-28 22:49:46,284 [INFO] Rule:228 - rule Change Default Value for ADC ExternalTrigConv F1 family is applicable
2024-07-28 22:49:46,284 [INFO] Rule:228 - rule Change Default Value for ADC ExternalTrigInjecConv F1 family is applicable
2024-07-28 22:49:46,284 [INFO] Rule:228 - rule Change Default Value for ADC ExternalTrigConv F7 family is applicable
2024-07-28 22:49:46,284 [INFO] Rule:228 - rule Change Default Value for ADC ExternalTrigInjecConv F7 family is applicable
2024-07-28 22:49:46,284 [INFO] Rule:228 - rule Change Default Value for ADC ExternalTrigConv F4 and F2 family is applicable
2024-07-28 22:49:46,284 [INFO] Rule:228 - rule Change Default Value for ADC ExternalTrigInjecConv F4 and F2 family is applicable
2024-07-28 22:49:46,284 [INFO] Rule:228 - rule ADC SamplingTime fix with FW L0  is applicable
2024-07-28 22:49:46,284 [INFO] Rule:228 - rule ADC SamplingTime fix with FW L0  is applicable
2024-07-28 22:49:46,284 [INFO] Rule:228 - rule ADC SamplingTime fix with FW L0 is applicable
2024-07-28 22:49:46,284 [INFO] Rule:228 - rule ADC SamplingTime fix with FW L0 is applicable
2024-07-28 22:49:46,285 [INFO] Rule:228 - rule ADC SamplingTime fix with FW L0  is applicable
2024-07-28 22:49:46,285 [INFO] Rule:228 - rule ADC SamplingTime fix with FW L0 is applicable
2024-07-28 22:49:46,285 [INFO] Rule:228 - rule Rename USB_OE Signal is applicable
2024-07-28 22:49:46,285 [INFO] Rule:228 - rule Rename Activate_OE Mode is applicable
2024-07-28 22:49:46,285 [INFO] Rule:228 - rule Rename DIE462/DIE415 pin PC14/OSC32_IN -> PC14-OSC32_IN (PC14) is applicable
2024-07-28 22:49:46,285 [INFO] Rule:228 - rule Rename DIE462/DIE415 pin PC15/OSC32_OUT -> PC15-OSC32_OUT (PC15) is applicable
2024-07-28 22:49:46,285 [INFO] Rule:228 - rule Rename DIE462/DIE415 pin PH0/OSC_IN -> PH0-OSC_IN (PH0) is applicable
2024-07-28 22:49:46,285 [INFO] Rule:228 - rule Rename DIE462/DIE415 pin PH1/OSC_OUT -> PH1-OSC_OUT (PH1) is applicable
2024-07-28 22:49:46,285 [INFO] Rule:228 - rule Rename DIE462 pin PA13 -> PA13 (JTMS/SWDIO) is applicable
2024-07-28 22:49:46,285 [INFO] Rule:228 - rule Rename DIE415 pin PA13 -> PA13 (JTMS/SWDIO) is applicable
2024-07-28 22:49:46,285 [INFO] Rule:228 - rule Rename DIE462 pin PA14 -> PA14 (JTCK/SWCLK) is applicable
2024-07-28 22:49:46,285 [INFO] Rule:228 - rule Rename DIE415 pin PA14 -> PA14 (JTCK/SWCLK) is applicable
2024-07-28 22:49:46,285 [INFO] Rule:228 - rule Rename DIE462/DIE415 pin PA15 -> PA15 (JTDI) is applicable
2024-07-28 22:49:46,285 [INFO] Rule:228 - rule Rename DIE462 pin PB3 -> PB3 (JTD0/TRACESWO) is applicable
2024-07-28 22:49:46,285 [INFO] Rule:228 - rule Rename DIE415 pin PB3 -> PB3 (JTD0-TRACESWO) is applicable
2024-07-28 22:49:46,285 [INFO] Rule:228 - rule Rename DIE462/DIE415 pin PB4 -> PB4 (NJTRST) is applicable
2024-07-28 22:49:46,285 [INFO] Rule:228 - rule Rename DIE462 pin PH3/BOOT0 -> PH3-BOOT0 (BOOT0) is applicable
2024-07-28 22:49:46,285 [INFO] Rule:228 - rule Rename CRYP DataEncryptionTypesList to Algorithm is applicable
2024-07-28 22:49:46,285 [INFO] Rule:228 - rule Rename AES DataEncryptionTypesList to Algorithm is applicable
2024-07-28 22:49:46,285 [INFO] Rule:228 - rule Rename TDESECB to CRYP_TDES_ECB is applicable
2024-07-28 22:49:46,285 [INFO] Rule:228 - rule Rename TDESCBC to CRYP_TDES_CBC is applicable
2024-07-28 22:49:46,286 [INFO] Rule:228 - rule Rename DESECB to CRYP_DES_ECB is applicable
2024-07-28 22:49:46,286 [INFO] Rule:228 - rule Rename DESCBC to CRYP_DES_CBC is applicable
2024-07-28 22:49:46,286 [INFO] Rule:228 - rule Rename AESECB to CRYP_AES_ECB is applicable
2024-07-28 22:49:46,286 [INFO] Rule:228 - rule Rename AESCBC to CRYP_AES_CBC is applicable
2024-07-28 22:49:46,286 [INFO] Rule:228 - rule Rename AESCTR to CRYP_AES_CTR is applicable
2024-07-28 22:49:46,286 [INFO] Rule:228 - rule Rename AESGCM to CRYP_AES_GCM is applicable
2024-07-28 22:49:46,286 [INFO] Rule:228 - rule Rename AESCCM to CRYP_AES_CCM is applicable
2024-07-28 22:49:46,286 [INFO] Rule:228 - rule Rename CAN TimeSeg1 to BS1 is applicable
2024-07-28 22:49:46,286 [INFO] Rule:228 - rule Rename CAN TimeSeg2 to BS2 is applicable
2024-07-28 22:49:46,286 [INFO] Rule:228 - rule Rename CAN SyncJumpWidth to SJW is applicable
2024-07-28 22:49:46,286 [INFO] Rule:228 - rule TimeTriggeredMode to TTCM is applicable
2024-07-28 22:49:46,286 [INFO] Rule:228 - rule Rename CAN AutoBusOff to ABOM is applicable
2024-07-28 22:49:46,286 [INFO] Rule:228 - rule Rename CAN AutoWakeUp to AWUM is applicable
2024-07-28 22:49:46,286 [INFO] Rule:228 - rule Rename CAN AutoRetransmission to NART is applicable
2024-07-28 22:49:46,286 [INFO] Rule:228 - rule Rename CAN ReceiveFifoLocked to RFLM is applicable
2024-07-28 22:49:46,286 [INFO] Rule:228 - rule Rename CAN TransmitFifoPriority to TXFP is applicable
2024-07-28 22:49:46,286 [INFO] Rule:228 - rule Rename HRTIMER HRTIM_OUTPUTFAULTLEVEL_HIGH in HRTIMER HRTIM_OUTPUTFAULTLEVEL_HIGHZ is applicable
2024-07-28 22:49:46,286 [INFO] Rule:228 - rule Rename TIMER TIM_CLEARINPUTSOURCE_OCREFCLR in  TIMER TIM_CLEARINPUTSOURCE_NONE for F7 family is applicable
2024-07-28 22:49:46,286 [INFO] Rule:228 - rule FDCAN_R1 - Rename FDCAN mode Master into Classic is applicable
2024-07-28 22:49:46,286 [INFO] Rule:228 - rule FDCAN_R2 - Rename FDCAN mode Slave into Classic is applicable
2024-07-28 22:49:46,286 [INFO] Rule:228 - rule FDCAN1_R3 - if PA10.Mode=FullDuplex, add Pin PA12 is applicable
2024-07-28 22:49:46,286 [INFO] Rule:228 - rule FDCAN1_R3 - if PA9.Mode=FullDuplex, add Pin PA11 is applicable
2024-07-28 22:49:46,286 [INFO] Rule:228 - rule FDCAN1_R3 - Alternatepin_1 - if PE1.Mode=FullDuplex, add Pin PB9 is applicable
2024-07-28 22:49:46,286 [INFO] Rule:228 - rule FDCAN1_R3 - Alternatepin_1 - if PE0.Mode=FullDuplex, add Pin PB8 is applicable
2024-07-28 22:49:46,286 [INFO] Rule:228 - rule FDCAN1_R3 - Alternatepin_2 - if PD5.Mode=FullDuplex, add Pin PD1 is applicable
2024-07-28 22:49:46,286 [INFO] Rule:228 - rule FDCAN1_R3 - Alternatepin_2 - if PD4.Mode=FullDuplex, add Pin PD0 is applicable
2024-07-28 22:49:46,286 [INFO] Rule:228 - rule FDCAN1_R4 - Rename Mode FullDuplex into Enable FDCAN_TXFD for pin PA10 is applicable
2024-07-28 22:49:46,286 [INFO] Rule:228 - rule FDCAN1_R4 - Rename Mode FullDuplex into Enable FDCAN_TXFD for pin PA9 is applicable
2024-07-28 22:49:46,286 [INFO] Rule:228 - rule FDCAN1_R4 - Alternatepin_1 - Rename Mode FullDuplex into Enable FDCAN_TXFD for pin PE1 is applicable
2024-07-28 22:49:46,286 [INFO] Rule:228 - rule FDCAN1_R4 - Alternatepin_1 - Rename Mode FullDuplex into Enable FDCAN_TXFD for pin PE0 is applicable
2024-07-28 22:49:46,286 [INFO] Rule:228 - rule FDCAN1_R4 - Alternatepin_2 - Rename Mode FullDuplex into Enable FDCAN_TXFD for pin PD5 is applicable
2024-07-28 22:49:46,286 [INFO] Rule:228 - rule FDCAN1_R4 - Alternatepin_2 - Rename Mode FullDuplex into Enable FDCAN_TXFD for pin PD4 is applicable
2024-07-28 22:49:46,286 [INFO] Rule:228 - rule FDCAN2_R3 - if PD10.Mode=FullDuplex, add Pin PB13 is applicable
2024-07-28 22:49:46,286 [INFO] Rule:228 - rule FDCAN2_R3 - if PD9.Mode=FullDuplex, add Pin PB12 is applicable
2024-07-28 22:49:46,286 [INFO] Rule:228 - rule FDCAN2_R3 - Alternatepin_1 - if PB7.Mode=FullDuplex, add Pin PB6 is applicable
2024-07-28 22:49:46,286 [INFO] Rule:228 - rule FDCAN2_R3 - Alternatepin_1 - if PD9.Mode=FullDuplex, add Pin PB12 is applicable
2024-07-28 22:49:46,286 [INFO] Rule:228 - rule FDCAN2_R4 - Rename Mode FullDuplex into Enable FDCAN_TXFD for pin PD10 is applicable
2024-07-28 22:49:46,286 [INFO] Rule:228 - rule FDCAN2_R4 - Rename Mode FullDuplex into Enable FDCAN_TXFD for pin PD9 is applicable
2024-07-28 22:49:46,286 [INFO] Rule:228 - rule FDCAN2_R4 - Alternatepin_1 - Rename Mode FullDuplex into Enable FDCAN_TXFD for pin PB7 is applicable
2024-07-28 22:49:46,286 [INFO] Rule:228 - rule FDCAN2_R4 - Alternatepin_1 - Rename Mode FullDuplex into Enable FDCAN_TXFD for pin PD6 is applicable
2024-07-28 22:49:46,286 [INFO] Rule:228 - rule USART TxPinLevelInvertParam Mode is applicable
2024-07-28 22:49:46,286 [INFO] Rule:228 - rule USART RxPinLevelInvertParam Mode is applicable
2024-07-28 22:49:46,286 [INFO] Rule:228 - rule USART DataInvertParam Mode is applicable
2024-07-28 22:49:46,287 [INFO] Rule:228 - rule USART SwapParam Mode is applicable
2024-07-28 22:49:46,287 [INFO] Rule:228 - rule USART OverrunDisableParam Mode is applicable
2024-07-28 22:49:46,287 [INFO] Rule:228 - rule USART DMADisableonRxErrorParam Mode is applicable
2024-07-28 22:49:46,287 [INFO] Rule:228 - rule USART MSBFirstParam Mode is applicable
2024-07-28 22:49:46,287 [INFO] Rule:228 - rule Update MwName for USB_DEVICE is applicable
2024-07-28 22:49:46,287 [INFO] Rule:228 - rule Change PWR_Regulator_Voltage_Scale Default Value for RCC  H7 family is applicable
2024-07-28 22:49:46,287 [INFO] Rule:228 - rule UART/USART IPParameter rename Prescaler parameter to ClockPrescaler is applicable
2024-07-28 22:49:46,287 [INFO] Rule:228 - rule UART/USART Prescaler rename Prescaler parameter to ClockPrescaler is applicable
2024-07-28 22:49:46,287 [INFO] Rule:228 - rule TIM1CLockSelection is applicable
2024-07-28 22:49:46,287 [INFO] Rule:228 - rule TIM15CLockSelection is applicable
2024-07-28 22:49:46,287 [INFO] Rule:228 - rule align RCC SDMMC3CLockSelection default value on MP1 is applicable
2024-07-28 22:49:46,287 [INFO] Rule:228 - rule align RCC SDMMC12CLockSelection default value on MP1 is applicable
2024-07-28 22:49:46,287 [INFO] Rule:228 - rule align RCC QSPICLockSelection default value on MP1 is applicable
2024-07-28 22:49:46,287 [INFO] Rule:228 - rule align RCC QSPICLockSelection default value on MP1 is applicable
2024-07-28 22:49:46,287 [INFO] Rule:228 - rule align RCC SPI6CLockSelection default value on MP1 is applicable
2024-07-28 22:49:46,287 [INFO] Rule:228 - rule align RCC LPTIM23CLockSelection default value on MP1 is applicable
2024-07-28 22:49:46,287 [INFO] Rule:228 - rule align RCC LPTIM1CLockSelection default value on MP1 is applicable
2024-07-28 22:49:46,287 [INFO] Rule:228 - rule align RCC USART1CLockSelection default value on MP1 is applicable
2024-07-28 22:49:46,287 [INFO] Rule:228 - rule align RCC USART24CLockSelection default value on MP1 is applicable
2024-07-28 22:49:46,287 [INFO] Rule:228 - rule align RCC USART6CLockSelection default value on MP1 is applicable
2024-07-28 22:49:46,287 [INFO] Rule:228 - rule align RCC UART78CLockSelection default value on MP1 is applicable
2024-07-28 22:49:46,287 [INFO] Rule:228 - rule align RCC USART35CLockSelection default value on MP1 is applicable
2024-07-28 22:49:46,287 [INFO] Rule:228 - rule align RCC SPI45CLockSelection default value on MP1 is applicable
2024-07-28 22:49:46,287 [INFO] Rule:228 - rule align RCC I2C46CLockSelection BCLK value on MP1 is applicable
2024-07-28 22:49:46,287 [INFO] Rule:228 - rule align RCC SPI45CLockSelection default value on MP1 is applicable
2024-07-28 22:49:46,287 [INFO] Rule:228 - rule align RCC I2C12CLockSelection default value on MP1 is applicable
2024-07-28 22:49:46,287 [INFO] Rule:228 - rule align RCC I2C35CLockSelection default value on MP1 is applicable
2024-07-28 22:49:46,287 [INFO] Rule:228 - rule align RCC LPTIM45CLockSelection default value on MP1 is applicable
2024-07-28 22:49:46,287 [INFO] Rule:228 - rule Rename DCMI PIXCK signal is applicable
2024-07-28 22:49:46,287 [INFO] Rule:228 - rule Change Default Value for I2C46CLockSelection MP1 family is applicable
2024-07-28 22:49:46,287 [INFO] Rule:228 - rule Change Default Value for UART for G4, G0 and WB families is applicable
2024-07-28 22:49:46,287 [INFO] Rule:228 - rule Change Default Value for USART for G4, G0 and WB families is applicable
2024-07-28 22:49:46,287 [INFO] Rule:228 - rule Change Default Value for USART for G4 family is applicable
2024-07-28 22:49:46,287 [INFO] Rule:228 - rule Change USART1CLockSelection refparam name for MP1 is applicable
2024-07-28 22:49:46,287 [INFO] Rule:228 - rule Change USART2CLockSelection refparam name for MP1 is applicable
2024-07-28 22:49:46,287 [INFO] Rule:228 - rule Change USART3CLockSelection refparam name for MP1 is applicable
2024-07-28 22:49:46,287 [INFO] Rule:228 - rule Change UART4CLockSelection refparam name for MP1 is applicable
2024-07-28 22:49:46,287 [INFO] Rule:228 - rule Change UART5CLockSelection refparam name for MP1 is applicable
2024-07-28 22:49:46,287 [INFO] Rule:228 - rule Change LPUART1CLockSelection refparam name for MP1 is applicable
2024-07-28 22:49:46,288 [INFO] Rule:228 - rule Change LPTIM1CLockSelection refparam name for MP1 is applicable
2024-07-28 22:49:46,288 [INFO] Rule:228 - rule Change LPTIM2CLockSelection refparam name for MP1 is applicable
2024-07-28 22:49:46,288 [INFO] Rule:228 - rule Change RCC_MCO1Source refparam name for MP1 is applicable
2024-07-28 22:49:46,288 [INFO] Rule:228 - rule Change LSCOSource1 refparam name for MP1 is applicable
2024-07-28 22:49:46,288 [INFO] Rule:228 - rule Change SMPSCLockSelection refparam name for MP1 is applicable
2024-07-28 22:49:46,288 [INFO] Rule:228 - rule Change LPTIM3CLockSelection refparam name for MP1 is applicable
2024-07-28 22:49:46,288 [INFO] Rule:228 - rule Change MPCBB* Default Template Mode to Parameters is applicable
2024-07-28 22:49:46,288 [INFO] Rule:228 - rule Change MPCWM* or MPCBB* Secure Mode to Parameters is applicable
2024-07-28 22:49:46,288 [INFO] Rule:228 - rule Change MPCWM* or MPCBB* No Secure Mode to Parameters is applicable
2024-07-28 22:49:46,288 [INFO] Rule:228 - rule Change TZSC IP Secure Mode to Parameters is applicable
2024-07-28 22:49:46,288 [INFO] Rule:228 - rule Change TZSC IP No Secure Mode to Parameters is applicable
2024-07-28 22:49:46,288 [INFO] Rule:228 - rule Change TZSC IP Privilege Mode to Parameters is applicable
2024-07-28 22:49:46,288 [INFO] Rule:228 - rule Change TZSC IP No Privilege Mode to Parameters is applicable
2024-07-28 22:49:46,288 [INFO] Rule:228 - rule Change TZIC IT Secure Mode to Parameters is applicable
2024-07-28 22:49:46,288 [INFO] Rule:228 - rule Change TZIC IT No Secure Mode to Parameters is applicable
2024-07-28 22:49:46,288 [INFO] Rule:228 - rule Add MPCBB1_NonSecureArea_Start_Address value with referenced to MPCBB1_NonSecureArea_Start value is applicable
2024-07-28 22:49:46,288 [INFO] Rule:228 - rule Add MPCBB2_NonSecureArea_Start_Address value with referenced to MPCBB2_NonSecureArea_Start value is applicable
2024-07-28 22:49:46,288 [INFO] Rule:228 - rule Add MPCWM1_NonSecureArea*_Start_Address value with referenced to MPCWM1_NonSecureArea*_Start value is applicable
2024-07-28 22:49:46,288 [INFO] Rule:228 - rule Add MPCWM2_NonSecureArea*_Start_Address value with referenced to MPCWM2_NonSecureArea*_Start value is applicable
2024-07-28 22:49:46,288 [INFO] Rule:228 - rule Add MPCWM3_NonSecureArea_Start_Address value with referenced to MPCWM3_NonSecureArea_Start value is applicable
2024-07-28 22:49:46,288 [INFO] Rule:228 - rule Change Default Value for PLL1UserDefinedConfig is applicable
2024-07-28 22:49:46,288 [INFO] Rule:228 - rule Change GPIO_PuPd Default Value for USART in async mode is applicable
2024-07-28 22:49:46,288 [INFO] Rule:228 - rule Change SMPSDivider Default Value is applicable
2024-07-28 22:49:46,288 [INFO] Rule:228 - rule OPAMP is applicable
2024-07-28 22:49:46,288 [INFO] Rule:228 - rule LPUART IPParameter rename Prescaler parameter to ClockPrescaler for STM32H7 is applicable
2024-07-28 22:49:46,288 [INFO] Rule:228 - rule LPUART IPParameter rename Prescaler parameter to ClockPrescaler for STM32H7 is applicable
2024-07-28 22:49:46,288 [INFO] Rule:228 - rule LPUART IPParameter rename Prescaler parameter to ClockPrescaler for STM32WB is applicable
2024-07-28 22:49:46,288 [INFO] Rule:228 - rule LPUART IPParameter rename Prescaler parameter to ClockPrescaler for STM32WB is applicable
2024-07-28 22:49:46,288 [INFO] Rule:228 - rule LPUART IPParameter rename Prescaler parameter to ClockPrescaler for STM32G4 is applicable
2024-07-28 22:49:46,288 [INFO] Rule:228 - rule LPUART IPParameter rename Prescaler parameter to ClockPrescaler for STM32G4 is applicable
2024-07-28 22:49:46,288 [INFO] Rule:228 - rule LPUART IPParameter rename Prescaler parameter to ClockPrescaler for STM32L5 is applicable
2024-07-28 22:49:46,288 [INFO] Rule:228 - rule LPUART IPParameter rename Prescaler parameter to ClockPrescaler for STM32L5 is applicable
2024-07-28 22:49:46,288 [INFO] Rule:228 - rule LPUART IPParameter rename Prescaler parameter to ClockPrescaler for STM32G4 is applicable
2024-07-28 22:49:46,288 [INFO] Rule:228 - rule LPUART IPParameter rename Prescaler parameter to ClockPrescaler for STM32G4 is applicable
2024-07-28 22:49:46,288 [INFO] Rule:228 - rule USB device lib V2.5.3 for L0 rename USBD_SUPPORT_USER_STRING parameter to USBD_SUPPORT_USER_STRING_DESC4 is applicable
2024-07-28 22:49:46,288 [INFO] Rule:228 - rule I2SCLockSelection clock entry align is applicable
2024-07-28 22:49:46,288 [INFO] Rule:228 - rule Assign TIMx context if used as SYS timebase is applicable
2024-07-28 22:49:46,288 [INFO] Rule:228 - rule Change GPIO_Pu Default Value for I2C is applicable
2024-07-28 22:49:46,289 [INFO] Rule:228 - rule Change GPIO_Pu Default Value for SMBus is applicable
2024-07-28 22:49:46,289 [INFO] Rule:228 - rule change FDCAN default value is applicable
2024-07-28 22:49:46,289 [INFO] Rule:228 - rule Change mode sai is applicable
2024-07-28 22:49:46,289 [INFO] Rule:228 - rule **Change sai mode is applicable
2024-07-28 22:49:46,289 [INFO] Rule:228 - rule Rename STM32WPAN CFG_BLE_IRK to CFG_BLE_IR is applicable
2024-07-28 22:49:46,289 [INFO] Rule:228 - rule Rename STM32WPAN CFG_BLE_ERK to CFG_BLE_ER is applicable
2024-07-28 22:49:46,289 [INFO] Rule:228 - rule Rename STM32WPAN CFG_BLE_IRK_HEX to CFG_BLE_IR_HEX is applicable
2024-07-28 22:49:46,289 [INFO] Rule:228 - rule Rename STM32WPAN CFG_BLE_ERK_HEX to CFG_BLE_ER_HEX is applicable
2024-07-28 22:49:46,297 [INFO] DbConfProperties:307 - Apply Compatibility (49/262 Rules)
2024-07-28 22:49:46,306 [INFO] ImportTextPane:205 - (OptionalMessage_ERROR) Unable to find key (Mcu.ThirdPartyNb) in loaded IOC file
2024-07-28 22:49:46,316 [INFO] RtosManager:555 - Registered RTOS mode: class=CMSIS, group=RTOS, mode=CMSIS_V1, owner=FREERTOS
2024-07-28 22:49:46,316 [INFO] RtosManager:555 - Registered RTOS mode: class=CMSIS, group=RTOS2, mode=CMSIS_V2, owner=FREERTOS
2024-07-28 22:49:46,316 [INFO] RtosManager:555 - Registered RTOS mode: class=RTOS, group=Core, mode=CMSIS_V1, owner=FREERTOS
2024-07-28 22:49:46,316 [INFO] RtosManager:555 - Registered RTOS mode: class=RTOS, group=Core, mode=CMSIS_V2, owner=FREERTOS
2024-07-28 22:49:46,316 [WARN] ModelIntegratedComponent:184 - Missing modes for component STMicroelectronics:FreeRTOS:0.0.1:STMicroelectronics:RTOS:FreeRTOS:Core:::10.2.0:
2024-07-28 22:49:46,317 [WARN] ModelIntegratedComponent:63 - No mode defined for component null
2024-07-28 22:49:46,317 [WARN] ModelIntegratedComponent:63 - No mode defined for component null
2024-07-28 22:49:46,317 [WARN] ModelIntegratedComponent:63 - No mode defined for component null
2024-07-28 22:49:46,317 [WARN] ModelIntegratedComponent:63 - No mode defined for component null
2024-07-28 22:49:46,317 [WARN] ModelIntegratedComponent:63 - No mode defined for component null
2024-07-28 22:49:46,317 [WARN] ModelIntegratedComponent:63 - No mode defined for component null
2024-07-28 22:49:46,317 [WARN] ModelIntegratedComponent:63 - No mode defined for component null
2024-07-28 22:49:46,317 [WARN] ModelIntegratedComponent:63 - No mode defined for component null
2024-07-28 22:49:46,317 [WARN] ModelIntegratedComponent:63 - No mode defined for component null
2024-07-28 22:49:46,317 [WARN] ModelIntegratedComponent:63 - No mode defined for component null
2024-07-28 22:49:46,317 [WARN] ModelIntegratedComponent:63 - No mode defined for component null
2024-07-28 22:49:46,317 [WARN] ModelIntegratedComponent:63 - No mode defined for component null
2024-07-28 22:49:46,317 [WARN] ModelIntegratedComponent:63 - No mode defined for component null
2024-07-28 22:49:46,317 [WARN] ModelIntegratedComponent:63 - No mode defined for component null
2024-07-28 22:49:46,317 [WARN] ModelIntegratedComponent:63 - No mode defined for component null
2024-07-28 22:49:46,317 [WARN] ModelIntegratedComponent:63 - No mode defined for component null
2024-07-28 22:49:46,317 [WARN] ModelIntegratedComponent:63 - No mode defined for component null
2024-07-28 22:49:46,317 [WARN] ModelIntegratedComponent:63 - No mode defined for component null
2024-07-28 22:49:46,317 [WARN] ModelIntegratedComponent:63 - No mode defined for component null
2024-07-28 22:49:46,317 [WARN] ModelIntegratedComponent:63 - No mode defined for component null
2024-07-28 22:49:46,317 [WARN] ModelIntegratedComponent:63 - No mode defined for component null
2024-07-28 22:49:46,317 [WARN] ModelIntegratedComponent:63 - No mode defined for component null
2024-07-28 22:49:46,317 [WARN] ModelIntegratedComponent:63 - No mode defined for component null
2024-07-28 22:49:46,317 [WARN] ModelIntegratedComponent:63 - No mode defined for component null
2024-07-28 22:49:46,317 [WARN] ModelIntegratedComponent:63 - No mode defined for component null
2024-07-28 22:49:46,317 [WARN] ModelIntegratedComponent:63 - No mode defined for component null
2024-07-28 22:49:46,317 [WARN] ModelIntegratedComponent:63 - No mode defined for component null
2024-07-28 22:49:46,317 [WARN] ModelIntegratedComponent:63 - No mode defined for component null
2024-07-28 22:49:46,317 [WARN] ModelIntegratedComponent:63 - No mode defined for component null
2024-07-28 22:49:46,317 [WARN] ModelIntegratedComponent:63 - No mode defined for component null
2024-07-28 22:49:46,317 [WARN] ModelIntegratedComponent:63 - No mode defined for component null
2024-07-28 22:49:46,317 [WARN] ModelIntegratedComponent:63 - No mode defined for component null
2024-07-28 22:49:46,317 [WARN] ModelIntegratedComponent:63 - No mode defined for component null
2024-07-28 22:49:46,318 [WARN] ModelIntegratedComponent:63 - No mode defined for component null
2024-07-28 22:49:46,318 [WARN] ModelIntegratedComponent:63 - No mode defined for component null
2024-07-28 22:49:46,318 [WARN] ModelPack:524 - Component already loaded: STMicroelectronics:HAL Drivers:0.0.0:STMicroelectronics:Device:STMicro_Driver:XSPI:HAL::0.0.1:HAL_XSPI
2024-07-28 22:49:46,319 [INFO] ThirdPartyModel:298 - Start build external matchings
2024-07-28 22:49:46,319 [INFO] ThirdPartyModel:316 - End build external matchings
2024-07-28 22:49:46,321 [INFO] ImportTextPane:205 - (OptionalMessage_ERROR) IP (RCC) : Parameter (RTCHSEDivFreq_Value) has invalid value (4000000)
2024-07-28 22:49:46,503 [INFO] UtilMem:75 - End LoadConfig() Used Memory: 684772736 Bytes (922746880)
2024-07-28 22:49:46,654 [WARN] ThirdParty:833 - waiting for thirdparty lock release [change project]
2024-07-28 22:49:46,654 [INFO] ThirdParty:835 - entering critical section [change project]
2024-07-28 22:49:46,654 [INFO] ThirdParty:1030 - CMSIS Pack Vendor :STMicroelectronics USBPD 4.1
2024-07-28 22:49:46,654 [INFO] ThirdParty:1030 - CMSIS Pack Vendor :STMicroelectronics ThreadX 1.0.0
2024-07-28 22:49:46,654 [INFO] ThirdParty:1030 - CMSIS Pack Vendor :STMicroelectronics USB_HOST 2.0.0
2024-07-28 22:49:46,654 [INFO] ThirdParty:1030 - CMSIS Pack Vendor :STMicroelectronics LIBJPEG 8.0.0
2024-07-28 22:49:46,654 [INFO] ThirdParty:1030 - CMSIS Pack Vendor :STMicroelectronics FreeRTOS 0.0.1
2024-07-28 22:49:46,654 [INFO] ThirdParty:1030 - CMSIS Pack Vendor :STMicroelectronics USB_DEVICE 1.0.0
2024-07-28 22:49:46,654 [INFO] ThirdParty:1030 - CMSIS Pack Vendor :STMicroelectronics STM32_WPAN 1.0.0
2024-07-28 22:49:46,654 [INFO] ThirdParty:1030 - CMSIS Pack Vendor :STMicroelectronics USB_DEVICE 3.0.0
2024-07-28 22:49:46,654 [INFO] ThirdParty:1030 - CMSIS Pack Vendor :STMicroelectronics HAL Drivers 0.0.0
2024-07-28 22:49:46,654 [INFO] ThirdParty:1030 - CMSIS Pack Vendor :STMicroelectronics MBEDTLS 2.16.2
2024-07-28 22:49:46,654 [INFO] ThirdParty:1030 - CMSIS Pack Vendor :STMicroelectronics ThreadX 0.0.2
2024-07-28 22:49:46,654 [INFO] ThirdParty:1030 - CMSIS Pack Vendor :STMicroelectronics lwIP 2.0.3
2024-07-28 22:49:46,654 [INFO] ThirdParty:1030 - CMSIS Pack Vendor :STMicroelectronics lwIP 2.1.2
2024-07-28 22:49:46,654 [INFO] ThirdParty:1030 - CMSIS Pack Vendor :STMicroelectronics MBEDTLS 2.14.1
2024-07-28 22:49:46,654 [INFO] ThirdParty:1030 - CMSIS Pack Vendor :STMicroelectronics X-CUBE-BLE2 3.3.0
2024-07-28 22:49:46,655 [INFO] ThirdParty:1030 - CMSIS Pack Vendor :STMicroelectronics USB_HOST 1.0.0
2024-07-28 22:49:46,655 [INFO] ThirdParty:1030 - CMSIS Pack Vendor :STMicroelectronics PDM2PCM 3.1.0
2024-07-28 22:49:46,655 [INFO] ThirdParty:1030 - CMSIS Pack Vendor :STMicroelectronics PDM2PCM 3.2.0
2024-07-28 22:49:46,655 [INFO] ThirdParty:1030 - CMSIS Pack Vendor :STMicroelectronics USB_DEVICE 2.0.0
2024-07-28 22:49:46,655 [INFO] ThirdParty:1030 - CMSIS Pack Vendor :STMicroelectronics PDM2PCM 3.3.0
2024-07-28 22:49:46,655 [INFO] ThirdParty:841 - exiting critical section [change project]
2024-07-28 22:49:46,722 [INFO] PinOutPanel:1561 - setPackage(No Configuration,No Configuration)
2024-07-28 22:49:46,722 [INFO] PinOutPanel:1561 - setPackage(STM32F401RETx,LQFP64)
2024-07-28 22:49:46,854 [INFO] UtilMem:75 - Before build in PCC Used Memory: 493714616 Bytes (922746880)
2024-07-28 22:49:47,019 [INFO] UtilMem:75 - After build in PCC Used Memory: 537228472 Bytes (922746880)
2024-07-28 22:49:47,029 [INFO] IPUIPlugin:80 - create IPUIPlugin
2024-07-28 22:49:47,029 [INFO] IPUIPlugin:80 - create IPUIPlugin
2024-07-28 22:49:47,029 [INFO] IPUIPlugin:80 - create IPUIPlugin
2024-07-28 22:49:47,029 [INFO] IPUIPlugin:80 - create IPUIPlugin
2024-07-28 22:49:47,029 [INFO] IPUIPlugin:80 - create IPUIPlugin
2024-07-28 22:49:47,029 [INFO] IPUIPlugin:80 - create IPUIPlugin
2024-07-28 22:49:47,029 [INFO] IPUIPlugin:80 - create IPUIPlugin
2024-07-28 22:49:47,029 [INFO] IPUIPlugin:80 - create IPUIPlugin
2024-07-28 22:49:47,029 [INFO] IPUIPlugin:80 - create IPUIPlugin
2024-07-28 22:49:47,030 [INFO] IPUIPlugin:80 - create IPUIPlugin
2024-07-28 22:49:47,030 [INFO] IPUIPlugin:80 - create IPUIPlugin
2024-07-28 22:49:47,030 [INFO] IPUIPlugin:80 - create IPUIPlugin
2024-07-28 22:49:47,030 [INFO] IPUIPlugin:80 - create IPUIPlugin
2024-07-28 22:49:47,030 [INFO] IPUIPlugin:80 - create IPUIPlugin
2024-07-28 22:49:47,030 [INFO] IPUIPlugin:80 - create IPUIPlugin
2024-07-28 22:49:47,030 [INFO] IPUIPlugin:80 - create IPUIPlugin
2024-07-28 22:49:47,031 [INFO] IPUIPlugin:80 - create IPUIPlugin
2024-07-28 22:49:47,031 [INFO] IPUIPlugin:80 - create IPUIPlugin
2024-07-28 22:49:47,031 [INFO] IPUIPlugin:80 - create IPUIPlugin
2024-07-28 22:49:47,031 [INFO] IPUIPlugin:80 - create IPUIPlugin
2024-07-28 22:49:47,031 [INFO] IPUIPlugin:80 - create IPUIPlugin
2024-07-28 22:49:47,031 [INFO] IPUIPlugin:80 - create IPUIPlugin
2024-07-28 22:49:47,031 [INFO] IPUIPlugin:80 - create IPUIPlugin
2024-07-28 22:49:47,031 [INFO] IPUIPlugin:80 - create IPUIPlugin
2024-07-28 22:49:47,031 [INFO] IPUIPlugin:80 - create IPUIPlugin
2024-07-28 22:49:47,032 [INFO] IPUIPlugin:80 - create IPUIPlugin
2024-07-28 22:49:47,032 [INFO] IPUIPlugin:80 - create IPUIPlugin
2024-07-28 22:49:47,032 [INFO] IPUIPlugin:80 - create IPUIPlugin
2024-07-28 22:49:47,032 [INFO] IPUIPlugin:80 - create IPUIPlugin
2024-07-28 22:49:47,032 [INFO] IPUIPlugin:80 - create IPUIPlugin
2024-07-28 22:49:47,032 [INFO] IPUIPlugin:80 - create IPUIPlugin
2024-07-28 22:49:47,033 [INFO] IPUIPlugin:80 - create IPUIPlugin
2024-07-28 22:49:47,033 [INFO] IPUIPlugin:80 - create IPUIPlugin
2024-07-28 22:49:47,033 [INFO] IPUIPlugin:80 - create IPUIPlugin
2024-07-28 22:49:47,033 [INFO] IPUIPlugin:80 - create IPUIPlugin
2024-07-28 22:49:47,033 [INFO] IPUIPlugin:80 - create IPUIPlugin
2024-07-28 22:49:47,033 [INFO] IPUIPlugin:80 - create IPUIPlugin
2024-07-28 22:49:47,034 [INFO] IPUIPlugin:80 - create IPUIPlugin
2024-07-28 22:49:47,037 [INFO] ApiDbMcu:508 - Load IP Config File for PDM2PCM
2024-07-28 22:49:47,071 [INFO] CADModel:165 - CPN selected for project levelSTM32F401RET6
2024-07-28 22:49:47,071 [INFO] CADModel:114 - Register for checkConnection events
2024-07-28 22:49:47,124 [INFO] OpenFileManager:363 - Restore cursor
2024-07-28 22:49:47,419 [INFO] UtilMem:75 - End SaveConfig() Used Memory: 623211704 Bytes (922746880)
2024-07-28 22:49:47,458 [INFO] UtilMem:75 - End SaveConfig() Used Memory: 640341168 Bytes (922746880)
2024-07-28 22:49:47,541 [INFO] BlockDiagram:2766 - set Specific Code input for plugin: NVIC
2024-07-28 22:49:47,541 [INFO] BlockDiagram:2766 - set Specific Code input for plugin: USART
2024-07-28 22:49:47,541 [INFO] BlockDiagram:2766 - set Specific Code input for plugin: SYS
2024-07-28 22:49:47,542 [INFO] BlockDiagram:2766 - set Specific Code input for plugin: GPIO
2024-07-28 22:49:47,542 [INFO] BlockDiagram:2766 - set Specific Code input for plugin: RCC
2024-07-28 22:49:47,542 [INFO] CodeGenerator:807 - code generatio: config db path: D:\StmCubeIDE\STM32CubeIDE_1.16.0\STM32CubeIDE\plugins\com.st.stm32cube.common.mx_6.12.0.202406281431\\db\
2024-07-28 22:49:47,630 [INFO] CodeEngine:255 - oldGeneratedFile, D:\STMProj\Second\MXTmpFiles\license.tmp_save
2024-07-28 22:49:47,695 [INFO] CodeEngine:279 - Generated code: D:\STMProj\Second\MXTmpFiles\license.tmp
2024-07-28 22:49:47,736 [INFO] CodeEngine:255 - oldGeneratedFile, D:\STMProj\Second\MXTmpFiles\gpio.tmp_save
2024-07-28 22:49:47,792 [INFO] CodeEngine:279 - Generated code: D:\STMProj\Second\MXTmpFiles\gpio.tmp
2024-07-28 22:49:47,852 [INFO] CodeEngine:255 - oldGeneratedFile, D:\STMProj\Second\Core\Src\stm32f4xx_it.c_save
2024-07-28 22:49:47,964 [INFO] CodeEngine:279 - Generated code: D:\STMProj\Second\Core\Src\stm32f4xx_it.c
2024-07-28 22:49:47,970 [INFO] CodeEngine:255 - oldGeneratedFile, D:\STMProj\Second\Core\Inc\stm32f4xx_it.h_save
2024-07-28 22:49:48,018 [INFO] CodeEngine:279 - Generated code: D:\STMProj\Second\Core\Inc\stm32f4xx_it.h
2024-07-28 22:49:48,028 [INFO] CodeEngine:255 - oldGeneratedFile, D:\STMProj\Second\Core\Src\stm32f4xx_hal_msp.c_save
2024-07-28 22:49:48,101 [INFO] CodeEngine:279 - Generated code: D:\STMProj\Second\Core\Src\stm32f4xx_hal_msp.c
2024-07-28 22:49:48,107 [INFO] CodeEngine:255 - oldGeneratedFile, D:\STMProj\Second\MXTmpFiles\system.tmp_save
2024-07-28 22:49:48,151 [INFO] CodeEngine:279 - Generated code: D:\STMProj\Second\MXTmpFiles\system.tmp
2024-07-28 22:49:48,161 [INFO] CodeEngine:311 - oldGeneratedFile, D:\STMProj\Second\Core\Inc\stm32f4xx_hal_conf.h_save
2024-07-28 22:49:48,212 [INFO] CodeEngine:335 - Generated code: D:\STMProj\Second\Core\Inc\stm32f4xx_hal_conf.h
2024-07-28 22:49:48,240 [INFO] CodeEngine:255 - oldGeneratedFile, D:\STMProj\Second\Core\Inc\main.h_save
2024-07-28 22:49:48,298 [INFO] CodeEngine:279 - Generated code: D:\STMProj\Second\Core\Inc\main.h
2024-07-28 22:49:48,304 [INFO] CodeEngine:255 - oldGeneratedFile, D:\STMProj\Second\Core\Src\main.c_save
2024-07-28 22:49:48,370 [INFO] CodeEngine:279 - Generated code: D:\STMProj\Second\Core\Src\main.c
2024-07-28 22:49:48,680 [INFO] ProjectBuilder:3249 - Time for Copy HAL[1] : 173mS.
2024-07-28 22:49:48,683 [INFO] ProjectBuilder:4828 - Project Generator version: 4.4.0-B60
2024-07-28 22:49:48,737 [INFO] ConfigFileManager:1531 - The Die is : DIE433
2024-07-28 22:49:48,751 [INFO] ApiDbMcu:508 - Load IP Config File for FATFS
2024-07-28 22:49:48,772 [INFO] ApiDbMcu:508 - Load IP Config File for FREERTOS
2024-07-28 22:49:48,781 [INFO] ApiDbMcu:508 - Load IP Config File for LIBJPEG
2024-07-28 22:49:48,819 [INFO] ApiDbMcu:508 - Load IP Config File for MBEDTLS
2024-07-28 22:49:48,853 [INFO] ApiDbMcu:508 - Load IP Config File for USB_DEVICE
2024-07-28 22:49:48,866 [INFO] ApiDbMcu:508 - Load IP Config File for USB_HOST
2024-07-28 22:49:51,452 [INFO] ProjectBuilder:5097 - Time for Generating toolchain IDE Files: 2769mS.
2024-07-28 22:49:51,452 [INFO] ProjectBuilder:3107 - Time for Copy CMSIS : 0mS.
2024-07-28 22:49:51,454 [INFO] ProjectBuilder:3107 - Time for Copy CMSIS : 0mS.
2024-07-28 22:49:52,336 [INFO] McuFinderGlobals:76 - Set McuFinderConnectedMode to true
2024-07-28 22:49:52,341 [INFO] ApiDb:448 - Save user favorites file C:\Users\pasha/.stm32cubeide/favorites.mcus.txt: 0 item(s)
2024-07-28 22:49:52,342 [INFO] ApiDb:452 - User favorites MCUs=[]
2024-07-28 22:49:52,348 [INFO] ApiDb:448 - Save user favorites file C:\Users\pasha/.stm32cubeide/favorites.boards.txt: 0 item(s)
2024-07-28 22:49:52,348 [INFO] ApiDb:452 - User favorites Boards=[]
2024-07-28 22:50:14,177 [INFO] UtilMem:75 - End SaveConfig() Used Memory: 593372800 Bytes (922746880)
2024-07-28 22:50:17,639 [INFO] UtilMem:75 - End SaveConfig() Used Memory: 623778856 Bytes (922746880)
2024-07-28 22:50:18,144 [INFO] UtilMem:75 - End SaveConfig() Used Memory: 654906424 Bytes (922746880)
2024-07-28 22:50:18,220 [INFO] BlockDiagram:2766 - set Specific Code input for plugin: NVIC
2024-07-28 22:50:18,220 [INFO] BlockDiagram:2766 - set Specific Code input for plugin: USART
2024-07-28 22:50:18,220 [INFO] BlockDiagram:2766 - set Specific Code input for plugin: SYS
2024-07-28 22:50:18,220 [INFO] BlockDiagram:2766 - set Specific Code input for plugin: GPIO
2024-07-28 22:50:18,220 [INFO] BlockDiagram:2766 - set Specific Code input for plugin: RCC
2024-07-28 22:50:18,222 [INFO] CodeGenerator:807 - code generatio: config db path: D:\StmCubeIDE\STM32CubeIDE_1.16.0\STM32CubeIDE\plugins\com.st.stm32cube.common.mx_6.12.0.202406281431\\db\
2024-07-28 22:50:18,273 [INFO] CodeEngine:255 - oldGeneratedFile, D:\STMProj\Second\MXTmpFiles\license.tmp_save
2024-07-28 22:50:18,324 [INFO] CodeEngine:279 - Generated code: D:\STMProj\Second\MXTmpFiles\license.tmp
2024-07-28 22:50:18,348 [INFO] CodeEngine:255 - oldGeneratedFile, D:\STMProj\Second\Core\Src\gpio.c_save
2024-07-28 22:50:18,402 [INFO] CodeEngine:279 - Generated code: D:\STMProj\Second\Core\Src\gpio.c
2024-07-28 22:50:18,408 [INFO] CodeEngine:255 - oldGeneratedFile, D:\STMProj\Second\Core\Inc\gpio.h_save
2024-07-28 22:50:18,456 [INFO] CodeEngine:279 - Generated code: D:\STMProj\Second\Core\Inc\gpio.h
2024-07-28 22:50:18,493 [INFO] CodeEngine:255 - oldGeneratedFile, D:\STMProj\Second\Core\Src\usart.c_save
2024-07-28 22:50:18,558 [INFO] CodeEngine:279 - Generated code: D:\STMProj\Second\Core\Src\usart.c
2024-07-28 22:50:18,565 [INFO] CodeEngine:255 - oldGeneratedFile, D:\STMProj\Second\Core\Inc\usart.h_save
2024-07-28 22:50:18,619 [INFO] CodeEngine:279 - Generated code: D:\STMProj\Second\Core\Inc\usart.h
2024-07-28 22:50:18,627 [INFO] CodeEngine:255 - oldGeneratedFile, D:\STMProj\Second\Core\Src\stm32f4xx_it.c_save
2024-07-28 22:50:18,679 [INFO] CodeEngine:279 - Generated code: D:\STMProj\Second\Core\Src\stm32f4xx_it.c
2024-07-28 22:50:18,684 [INFO] CodeEngine:255 - oldGeneratedFile, D:\STMProj\Second\Core\Inc\stm32f4xx_it.h_save
2024-07-28 22:50:18,733 [INFO] CodeEngine:279 - Generated code: D:\STMProj\Second\Core\Inc\stm32f4xx_it.h
2024-07-28 22:50:18,742 [INFO] CodeEngine:255 - oldGeneratedFile, D:\STMProj\Second\Core\Src\stm32f4xx_hal_msp.c_save
2024-07-28 22:50:18,819 [INFO] CodeEngine:279 - Generated code: D:\STMProj\Second\Core\Src\stm32f4xx_hal_msp.c
2024-07-28 22:50:18,823 [INFO] CodeEngine:255 - oldGeneratedFile, D:\STMProj\Second\MXTmpFiles\system.tmp_save
2024-07-28 22:50:18,868 [INFO] CodeEngine:279 - Generated code: D:\STMProj\Second\MXTmpFiles\system.tmp
2024-07-28 22:50:18,877 [INFO] CodeEngine:311 - oldGeneratedFile, D:\STMProj\Second\Core\Inc\stm32f4xx_hal_conf.h_save
2024-07-28 22:50:18,932 [INFO] CodeEngine:335 - Generated code: D:\STMProj\Second\Core\Inc\stm32f4xx_hal_conf.h
2024-07-28 22:50:18,958 [INFO] CodeEngine:255 - oldGeneratedFile, D:\STMProj\Second\Core\Inc\main.h_save
2024-07-28 22:50:19,010 [INFO] CodeEngine:279 - Generated code: D:\STMProj\Second\Core\Inc\main.h
2024-07-28 22:50:19,014 [INFO] CodeEngine:255 - oldGeneratedFile, D:\STMProj\Second\Core\Src\main.c_save
2024-07-28 22:50:19,083 [INFO] CodeEngine:279 - Generated code: D:\STMProj\Second\Core\Src\main.c
2024-07-28 22:50:19,384 [INFO] ProjectBuilder:3249 - Time for Copy HAL[1] : 130mS.
2024-07-28 22:50:19,386 [INFO] ProjectBuilder:4828 - Project Generator version: 4.4.0-B60
2024-07-28 22:50:19,439 [INFO] ConfigFileManager:1531 - The Die is : DIE433
2024-07-28 22:50:19,940 [INFO] ProjectBuilder:5097 - Time for Generating toolchain IDE Files: 554mS.
2024-07-28 22:50:19,941 [INFO] ProjectBuilder:3107 - Time for Copy CMSIS : 1mS.
2024-07-28 22:50:19,942 [INFO] ProjectBuilder:3107 - Time for Copy CMSIS : 0mS.
2024-07-28 22:55:59,541 [ERROR] CheckConnectionManager:249 - Problem, Http access forbiden
2024-07-28 22:55:59,543 [INFO] MainUpdater:2873 - connection check result : 22
2024-07-28 22:55:59,584 [INFO] MicroXplorer:468 - Change Database Path : 
2024-07-28 22:55:59,584 [INFO] MicroXplorer:498 - Change Database Version : DB.6.0.120
2024-07-28 22:55:59,590 [ERROR] ProjectManagerView:394 - 
java.lang.NullPointerException: Cannot invoke "javax.swing.JTextField.getText()" because the return value of "java.util.List.get(int)" is null
	at com.st.microxplorer.plugins.projectmanager.gui.ProjectChoiceTab$10.caretUpdate(ProjectChoiceTab.java:2622) ~[filemanager.jar:?]
	at javax.swing.text.JTextComponent.fireCaretUpdate(JTextComponent.java:412) ~[?:?]
	at javax.swing.text.JTextComponent$MutableCaretEvent.fire(JTextComponent.java:4491) ~[?:?]
	at javax.swing.text.JTextComponent$MutableCaretEvent.stateChanged(JTextComponent.java:4513) ~[?:?]
	at javax.swing.text.DefaultCaret.fireStateChanged(DefaultCaret.java:842) ~[?:?]
	at javax.swing.text.DefaultCaret.changeCaretPosition(DefaultCaret.java:1313) ~[?:?]
	at javax.swing.text.DefaultCaret.handleSetDot(DefaultCaret.java:1212) ~[?:?]
	at javax.swing.text.DefaultCaret.setDot(DefaultCaret.java:1193) ~[?:?]
	at javax.swing.text.DefaultCaret$Handler.insertUpdate(DefaultCaret.java:1789) ~[?:?]
	at javax.swing.text.AbstractDocument.fireInsertUpdate(AbstractDocument.java:226) ~[?:?]
	at javax.swing.text.AbstractDocument.handleInsertString(AbstractDocument.java:780) ~[?:?]
	at javax.swing.text.AbstractDocument.insertString(AbstractDocument.java:739) ~[?:?]
	at javax.swing.text.PlainDocument.insertString(PlainDocument.java:131) ~[?:?]
	at javax.swing.text.AbstractDocument.replace(AbstractDocument.java:698) ~[?:?]
	at javax.swing.text.JTextComponent.setText(JTextComponent.java:1729) ~[?:?]
	at com.st.microxplorer.plugins.projectmanager.gui.ProjectChoiceTab.createHeapStackFields(ProjectChoiceTab.java:972) ~[filemanager.jar:?]
	at com.st.microxplorer.plugins.projectmanager.gui.ProjectChoiceTab.buildLinkSettingsPanel(ProjectChoiceTab.java:3597) ~[filemanager.jar:?]
	at com.st.microxplorer.plugins.projectmanager.gui.ProjectChoiceTab.defineWindowsFields(ProjectChoiceTab.java:1940) ~[filemanager.jar:?]
	at com.st.microxplorer.plugins.projectmanager.gui.ProjectChoiceTab.updateSettings(ProjectChoiceTab.java:550) ~[filemanager.jar:?]
	at com.st.microxplorer.plugins.projectmanager.gui.ProjectSettingsPanel.UpdateDialog(ProjectSettingsPanel.java:245) ~[filemanager.jar:?]
	at com.st.microxplorer.plugins.projectmanager.ProjectManagerView.propertyChange(ProjectManagerView.java:391) ~[filemanager.jar:?]
	at java.beans.PropertyChangeSupport.fire(PropertyChangeSupport.java:343) ~[?:?]
	at java.beans.PropertyChangeSupport.firePropertyChange(PropertyChangeSupport.java:335) ~[?:?]
	at java.beans.PropertyChangeSupport.firePropertyChange(PropertyChangeSupport.java:268) ~[?:?]
	at com.st.microxplorer.util.MXPropertyChangeSupport.firePropertyChange(MXPropertyChangeSupport.java:54) ~[STM32CubeMX.jar:?]
	at com.st.microxplorer.mxsystem.MxSystem.closeConfig(MxSystem.java:900) ~[STM32CubeMX.jar:?]
	at com.st.microxplorer.maingui.MainPanel.closeConfig(MainPanel.java:781) ~[STM32CubeMX.jar:?]
	at com.st.microxplorer.plugins.filemanager.engine.OpenFileManager.loadConfigurationFile(OpenFileManager.java:265) ~[filemanager.jar:?]
	at com.st.microxplorer.plugins.filemanager.engine.MainFileManager.userLoadConfig(MainFileManager.java:352) ~[filemanager.jar:?]
	at com.st.microxplorer.plugins.filemanager.engine.MainFileManager.userLoadConfig(MainFileManager.java:330) ~[filemanager.jar:?]
	at com.st.microxplorer.plugins.filemanager.FileManagerView.getSpecificTask(FileManagerView.java:246) ~[filemanager.jar:?]
	at com.st.stm32cube.common.mx.editor.CubeMxEditor.getMxTabbedPaneInstance(CubeMxEditor.java:1198) ~[com.st.stm32cube.common.mx_6.12.0.202406281431/:?]
	at com.st.stm32cube.common.mx.editor.CubeMxEditor$12$1.createSwingComponent(CubeMxEditor.java:1068) ~[com.st.stm32cube.common.mx_6.12.0.202406281431/:?]
	at com.st.stm32cube.common.mx.oss.core.awtswtbridge.EmbeddedSwingComposite.doComponentCreation(EmbeddedSwingComposite.java:492) ~[com.st.stm32cube.common.mx.oss_6.12.0.202406281431/:?]
	at com.st.stm32cube.common.mx.oss.core.awtswtbridge.EmbeddedSwingComposite$4.run(EmbeddedSwingComposite.java:291) ~[com.st.stm32cube.common.mx.oss_6.12.0.202406281431/:?]
	at com.st.stm32cube.common.mx.oss.core.awtswtbridge.AwtEnvironment$2.run(AwtEnvironment.java:166) ~[com.st.stm32cube.common.mx.oss_6.12.0.202406281431/:?]
	at java.awt.event.InvocationEvent.dispatch(InvocationEvent.java:318) ~[?:?]
	at java.awt.EventQueue.dispatchEventImpl(EventQueue.java:773) ~[?:?]
	at java.awt.EventQueue$4.run(EventQueue.java:720) ~[?:?]
	at java.awt.EventQueue$4.run(EventQueue.java:714) ~[?:?]
	at java.security.AccessController.doPrivileged(AccessController.java:399) ~[?:?]
	at java.security.ProtectionDomain$JavaSecurityAccessImpl.doIntersectionPrivilege(ProtectionDomain.java:86) ~[?:?]
	at java.awt.EventQueue.dispatchEvent(EventQueue.java:742) ~[?:?]
	at java.awt.EventDispatchThread.pumpOneEventForFilters(EventDispatchThread.java:203) ~[?:?]
	at java.awt.EventDispatchThread.pumpEventsForFilter(EventDispatchThread.java:124) ~[?:?]
	at java.awt.EventDispatchThread.pumpEventsForHierarchy(EventDispatchThread.java:113) ~[?:?]
	at java.awt.EventDispatchThread.pumpEvents(EventDispatchThread.java:109) ~[?:?]
	at java.awt.EventDispatchThread.pumpEvents(EventDispatchThread.java:101) ~[?:?]
	at java.awt.EventDispatchThread.run(EventDispatchThread.java:90) ~[?:?]
2024-07-28 22:55:59,592 [WARN] ThirdParty:871 - waiting for thirdparty lock release [close project]
2024-07-28 22:55:59,592 [INFO] ThirdParty:873 - entering critical section [close project]
2024-07-28 22:55:59,592 [INFO] ThirdParty:883 - exiting critical section [close project]
2024-07-28 22:55:59,593 [INFO] PinOutPanel:1561 - setPackage(No Configuration,No Configuration)
2024-07-28 22:55:59,596 [WARN] IpParametersView:151 - Warning: This peripheral hasn't parameters
2024-07-28 22:55:59,598 [WARN] MainPanel:284 - <html><b><center>Warning: This peripheral has no parameters to be configured<br></b></html>
2024-07-28 22:55:59,599 [INFO] UtilMem:75 - Begin LoadConfig() Used Memory: 597255264 Bytes (927989760)
2024-07-28 22:55:59,599 [INFO] MicroXplorer:468 - Change Database Path : 
2024-07-28 22:55:59,599 [INFO] MicroXplorer:498 - Change Database Version : DB.6.0.120
2024-07-28 22:55:59,599 [INFO] OpenFileManager:332 - Change cursor
2024-07-28 22:55:59,606 [INFO] RulesReader:64 - Compatibility file has been processed (297 Rules)
2024-07-28 22:55:59,608 [INFO] Mcu:2032 - Initializing MCU STM32F401R(D-E)Tx STM32F401RETx STM32F401RET6
2024-07-28 22:56:00,174 [INFO] Context:742 - Trying to add GPIOservice into a context  which must be forbidden
2024-07-28 22:56:00,295 [INFO] RtosManager:555 - Registered RTOS mode: class=CMSIS, group=RTOS, mode=CMSIS_V1, owner=FREERTOS
2024-07-28 22:56:00,295 [INFO] RtosManager:555 - Registered RTOS mode: class=CMSIS, group=RTOS2, mode=CMSIS_V2, owner=FREERTOS
2024-07-28 22:56:00,295 [INFO] RtosManager:555 - Registered RTOS mode: class=RTOS, group=Core, mode=CMSIS_V1, owner=FREERTOS
2024-07-28 22:56:00,295 [INFO] RtosManager:555 - Registered RTOS mode: class=RTOS, group=Core, mode=CMSIS_V2, owner=FREERTOS
2024-07-28 22:56:00,295 [WARN] ModelIntegratedComponent:184 - Missing modes for component STMicroelectronics:FreeRTOS:0.0.1:STMicroelectronics:RTOS:FreeRTOS:Core:::10.2.0:
2024-07-28 22:56:00,296 [WARN] ModelIntegratedComponent:63 - No mode defined for component null
2024-07-28 22:56:00,296 [WARN] ModelIntegratedComponent:63 - No mode defined for component null
2024-07-28 22:56:00,296 [WARN] ModelIntegratedComponent:63 - No mode defined for component null
2024-07-28 22:56:00,296 [WARN] ModelIntegratedComponent:63 - No mode defined for component null
2024-07-28 22:56:00,296 [WARN] ModelIntegratedComponent:63 - No mode defined for component null
2024-07-28 22:56:00,296 [WARN] ModelIntegratedComponent:63 - No mode defined for component null
2024-07-28 22:56:00,296 [WARN] ModelIntegratedComponent:63 - No mode defined for component null
2024-07-28 22:56:00,296 [WARN] ModelIntegratedComponent:63 - No mode defined for component null
2024-07-28 22:56:00,296 [WARN] ModelIntegratedComponent:63 - No mode defined for component null
2024-07-28 22:56:00,296 [WARN] ModelIntegratedComponent:63 - No mode defined for component null
2024-07-28 22:56:00,296 [WARN] ModelIntegratedComponent:63 - No mode defined for component null
2024-07-28 22:56:00,296 [WARN] ModelIntegratedComponent:63 - No mode defined for component null
2024-07-28 22:56:00,296 [WARN] ModelIntegratedComponent:63 - No mode defined for component null
2024-07-28 22:56:00,296 [WARN] ModelIntegratedComponent:63 - No mode defined for component null
2024-07-28 22:56:00,296 [WARN] ModelIntegratedComponent:63 - No mode defined for component null
2024-07-28 22:56:00,296 [WARN] ModelIntegratedComponent:63 - No mode defined for component null
2024-07-28 22:56:00,296 [WARN] ModelIntegratedComponent:63 - No mode defined for component null
2024-07-28 22:56:00,296 [WARN] ModelIntegratedComponent:63 - No mode defined for component null
2024-07-28 22:56:00,296 [WARN] ModelIntegratedComponent:63 - No mode defined for component null
2024-07-28 22:56:00,296 [WARN] ModelIntegratedComponent:63 - No mode defined for component null
2024-07-28 22:56:00,296 [WARN] ModelIntegratedComponent:63 - No mode defined for component null
2024-07-28 22:56:00,296 [WARN] ModelIntegratedComponent:63 - No mode defined for component null
2024-07-28 22:56:00,296 [WARN] ModelIntegratedComponent:63 - No mode defined for component null
2024-07-28 22:56:00,296 [WARN] ModelIntegratedComponent:63 - No mode defined for component null
2024-07-28 22:56:00,296 [WARN] ModelIntegratedComponent:63 - No mode defined for component null
2024-07-28 22:56:00,296 [WARN] ModelIntegratedComponent:63 - No mode defined for component null
2024-07-28 22:56:00,297 [WARN] ModelIntegratedComponent:63 - No mode defined for component null
2024-07-28 22:56:00,297 [WARN] ModelIntegratedComponent:63 - No mode defined for component null
2024-07-28 22:56:00,297 [WARN] ModelIntegratedComponent:63 - No mode defined for component null
2024-07-28 22:56:00,297 [WARN] ModelIntegratedComponent:63 - No mode defined for component null
2024-07-28 22:56:00,297 [WARN] ModelIntegratedComponent:63 - No mode defined for component null
2024-07-28 22:56:00,297 [WARN] ModelIntegratedComponent:63 - No mode defined for component null
2024-07-28 22:56:00,297 [WARN] ModelIntegratedComponent:63 - No mode defined for component null
2024-07-28 22:56:00,297 [WARN] ModelIntegratedComponent:63 - No mode defined for component null
2024-07-28 22:56:00,297 [WARN] ModelIntegratedComponent:63 - No mode defined for component null
2024-07-28 22:56:00,297 [WARN] ModelPack:524 - Component already loaded: STMicroelectronics:HAL Drivers:0.0.0:STMicroelectronics:Device:STMicro_Driver:XSPI:HAL::0.0.1:HAL_XSPI
2024-07-28 22:56:00,299 [INFO] ThirdPartyModel:298 - Start build external matchings
2024-07-28 22:56:00,321 [INFO] ThirdPartyModel:316 - End build external matchings
2024-07-28 22:56:00,323 [INFO] ImportTextPane:205 - (OptionalMessage_ERROR) IP (RCC) : Parameter (RTCHSEDivFreq_Value) has invalid value (12500000)
2024-07-28 22:56:00,522 [INFO] UtilMem:75 - End LoadConfig() Used Memory: 797193864 Bytes (1011875840)
2024-07-28 22:56:00,582 [WARN] ThirdParty:833 - waiting for thirdparty lock release [change project]
2024-07-28 22:56:00,582 [INFO] ThirdParty:835 - entering critical section [change project]
2024-07-28 22:56:00,582 [INFO] ThirdParty:1030 - CMSIS Pack Vendor :STMicroelectronics USBPD 4.1
2024-07-28 22:56:00,582 [INFO] ThirdParty:1030 - CMSIS Pack Vendor :STMicroelectronics ThreadX 1.0.0
2024-07-28 22:56:00,582 [INFO] ThirdParty:1030 - CMSIS Pack Vendor :STMicroelectronics USB_HOST 2.0.0
2024-07-28 22:56:00,582 [INFO] ThirdParty:1030 - CMSIS Pack Vendor :STMicroelectronics LIBJPEG 8.0.0
2024-07-28 22:56:00,582 [INFO] ThirdParty:1030 - CMSIS Pack Vendor :STMicroelectronics FreeRTOS 0.0.1
2024-07-28 22:56:00,582 [INFO] ThirdParty:1030 - CMSIS Pack Vendor :STMicroelectronics USB_DEVICE 1.0.0
2024-07-28 22:56:00,582 [INFO] ThirdParty:1030 - CMSIS Pack Vendor :STMicroelectronics STM32_WPAN 1.0.0
2024-07-28 22:56:00,582 [INFO] ThirdParty:1030 - CMSIS Pack Vendor :STMicroelectronics USB_DEVICE 3.0.0
2024-07-28 22:56:00,582 [INFO] ThirdParty:1030 - CMSIS Pack Vendor :STMicroelectronics HAL Drivers 0.0.0
2024-07-28 22:56:00,582 [INFO] ThirdParty:1030 - CMSIS Pack Vendor :STMicroelectronics MBEDTLS 2.16.2
2024-07-28 22:56:00,582 [INFO] ThirdParty:1030 - CMSIS Pack Vendor :STMicroelectronics ThreadX 0.0.2
2024-07-28 22:56:00,582 [INFO] ThirdParty:1030 - CMSIS Pack Vendor :STMicroelectronics lwIP 2.0.3
2024-07-28 22:56:00,582 [INFO] ThirdParty:1030 - CMSIS Pack Vendor :STMicroelectronics lwIP 2.1.2
2024-07-28 22:56:00,582 [INFO] ThirdParty:1030 - CMSIS Pack Vendor :STMicroelectronics MBEDTLS 2.14.1
2024-07-28 22:56:00,582 [INFO] ThirdParty:1030 - CMSIS Pack Vendor :STMicroelectronics X-CUBE-BLE2 3.3.0
2024-07-28 22:56:00,582 [INFO] ThirdParty:1030 - CMSIS Pack Vendor :STMicroelectronics USB_HOST 1.0.0
2024-07-28 22:56:00,582 [INFO] ThirdParty:1030 - CMSIS Pack Vendor :STMicroelectronics PDM2PCM 3.1.0
2024-07-28 22:56:00,582 [INFO] ThirdParty:1030 - CMSIS Pack Vendor :STMicroelectronics PDM2PCM 3.2.0
2024-07-28 22:56:00,582 [INFO] ThirdParty:1030 - CMSIS Pack Vendor :STMicroelectronics USB_DEVICE 2.0.0
2024-07-28 22:56:00,582 [INFO] ThirdParty:1030 - CMSIS Pack Vendor :STMicroelectronics PDM2PCM 3.3.0
2024-07-28 22:56:00,582 [INFO] ThirdParty:841 - exiting critical section [change project]
2024-07-28 22:56:00,681 [INFO] PinOutPanel:1561 - setPackage(No Configuration,No Configuration)
2024-07-28 22:56:00,681 [INFO] PinOutPanel:1561 - setPackage(STM32F401RETx,LQFP64)
2024-07-28 22:56:00,799 [INFO] UtilMem:75 - Before build in PCC Used Memory: 481929632 Bytes (1011875840)
2024-07-28 22:56:00,957 [INFO] UtilMem:75 - After build in PCC Used Memory: 525447584 Bytes (1011875840)
2024-07-28 22:56:00,968 [INFO] IPUIPlugin:80 - create IPUIPlugin
2024-07-28 22:56:00,968 [INFO] IPUIPlugin:80 - create IPUIPlugin
2024-07-28 22:56:00,969 [INFO] IPUIPlugin:80 - create IPUIPlugin
2024-07-28 22:56:00,969 [INFO] IPUIPlugin:80 - create IPUIPlugin
2024-07-28 22:56:00,969 [INFO] IPUIPlugin:80 - create IPUIPlugin
2024-07-28 22:56:00,969 [INFO] IPUIPlugin:80 - create IPUIPlugin
2024-07-28 22:56:00,969 [INFO] IPUIPlugin:80 - create IPUIPlugin
2024-07-28 22:56:00,969 [INFO] IPUIPlugin:80 - create IPUIPlugin
2024-07-28 22:56:00,969 [INFO] IPUIPlugin:80 - create IPUIPlugin
2024-07-28 22:56:00,969 [INFO] IPUIPlugin:80 - create IPUIPlugin
2024-07-28 22:56:00,969 [INFO] IPUIPlugin:80 - create IPUIPlugin
2024-07-28 22:56:00,969 [INFO] IPUIPlugin:80 - create IPUIPlugin
2024-07-28 22:56:00,969 [INFO] IPUIPlugin:80 - create IPUIPlugin
2024-07-28 22:56:00,970 [INFO] IPUIPlugin:80 - create IPUIPlugin
2024-07-28 22:56:00,970 [INFO] IPUIPlugin:80 - create IPUIPlugin
2024-07-28 22:56:00,970 [INFO] IPUIPlugin:80 - create IPUIPlugin
2024-07-28 22:56:00,970 [INFO] IPUIPlugin:80 - create IPUIPlugin
2024-07-28 22:56:00,970 [INFO] IPUIPlugin:80 - create IPUIPlugin
2024-07-28 22:56:00,970 [INFO] IPUIPlugin:80 - create IPUIPlugin
2024-07-28 22:56:00,971 [INFO] IPUIPlugin:80 - create IPUIPlugin
2024-07-28 22:56:00,971 [INFO] IPUIPlugin:80 - create IPUIPlugin
2024-07-28 22:56:00,971 [INFO] IPUIPlugin:80 - create IPUIPlugin
2024-07-28 22:56:00,971 [INFO] IPUIPlugin:80 - create IPUIPlugin
2024-07-28 22:56:00,971 [INFO] IPUIPlugin:80 - create IPUIPlugin
2024-07-28 22:56:00,972 [INFO] IPUIPlugin:80 - create IPUIPlugin
2024-07-28 22:56:00,972 [INFO] IPUIPlugin:80 - create IPUIPlugin
2024-07-28 22:56:00,972 [INFO] IPUIPlugin:80 - create IPUIPlugin
2024-07-28 22:56:00,972 [INFO] IPUIPlugin:80 - create IPUIPlugin
2024-07-28 22:56:00,972 [INFO] IPUIPlugin:80 - create IPUIPlugin
2024-07-28 22:56:00,972 [INFO] IPUIPlugin:80 - create IPUIPlugin
2024-07-28 22:56:00,973 [INFO] IPUIPlugin:80 - create IPUIPlugin
2024-07-28 22:56:00,973 [INFO] IPUIPlugin:80 - create IPUIPlugin
2024-07-28 22:56:00,973 [INFO] IPUIPlugin:80 - create IPUIPlugin
2024-07-28 22:56:00,974 [INFO] IPUIPlugin:80 - create IPUIPlugin
2024-07-28 22:56:00,974 [INFO] IPUIPlugin:80 - create IPUIPlugin
2024-07-28 22:56:00,974 [INFO] IPUIPlugin:80 - create IPUIPlugin
2024-07-28 22:56:00,974 [INFO] IPUIPlugin:80 - create IPUIPlugin
2024-07-28 22:56:00,974 [INFO] IPUIPlugin:80 - create IPUIPlugin
2024-07-28 22:56:00,977 [INFO] ApiDbMcu:508 - Load IP Config File for PDM2PCM
2024-07-28 22:56:01,014 [INFO] CADModel:165 - CPN selected for project levelSTM32F401RET6
2024-07-28 22:56:01,014 [INFO] CADModel:114 - Register for checkConnection events
2024-07-28 22:56:01,073 [INFO] OpenFileManager:363 - Restore cursor
2024-07-28 22:56:14,405 [INFO] Gpio:277 - dependency for GPIO [RCC, SYS, USART1]
2024-07-28 22:56:24,506 [INFO] UtilMem:75 - End SaveConfig() Used Memory: 598217832 Bytes (1011875840)
2024-07-28 22:56:25,502 [INFO] UtilMem:75 - End SaveConfig() Used Memory: 618537952 Bytes (1011875840)
2024-07-28 22:56:28,198 [INFO] UtilMem:75 - End SaveConfig() Used Memory: 657090664 Bytes (1011875840)
2024-07-28 22:56:28,272 [INFO] BlockDiagram:2766 - set Specific Code input for plugin: NVIC
2024-07-28 22:56:28,272 [INFO] BlockDiagram:2766 - set Specific Code input for plugin: USART
2024-07-28 22:56:28,272 [INFO] BlockDiagram:2766 - set Specific Code input for plugin: SYS
2024-07-28 22:56:28,272 [INFO] BlockDiagram:2766 - set Specific Code input for plugin: GPIO
2024-07-28 22:56:28,272 [INFO] BlockDiagram:2766 - set Specific Code input for plugin: RCC
2024-07-28 22:56:28,273 [INFO] CodeGenerator:807 - code generatio: config db path: D:\StmCubeIDE\STM32CubeIDE_1.16.0\STM32CubeIDE\plugins\com.st.stm32cube.common.mx_6.12.0.202406281431\\db\
2024-07-28 22:56:28,328 [INFO] CodeEngine:255 - oldGeneratedFile, D:\STMProj\Prerivanie\MXTmpFiles\license.tmp_save
2024-07-28 22:56:28,384 [INFO] CodeEngine:279 - Generated code: D:\STMProj\Prerivanie\MXTmpFiles\license.tmp
2024-07-28 22:56:28,403 [INFO] CodeEngine:255 - oldGeneratedFile, D:\STMProj\Prerivanie\Core\Src\gpio.c_save
2024-07-28 22:56:28,459 [INFO] CodeEngine:279 - Generated code: D:\STMProj\Prerivanie\Core\Src\gpio.c
2024-07-28 22:56:28,464 [INFO] CodeEngine:255 - oldGeneratedFile, D:\STMProj\Prerivanie\Core\Inc\gpio.h_save
2024-07-28 22:56:28,513 [INFO] CodeEngine:279 - Generated code: D:\STMProj\Prerivanie\Core\Inc\gpio.h
2024-07-28 22:56:28,545 [INFO] CodeEngine:255 - oldGeneratedFile, D:\STMProj\Prerivanie\Core\Src\usart.c_save
2024-07-28 22:56:28,612 [INFO] CodeEngine:279 - Generated code: D:\STMProj\Prerivanie\Core\Src\usart.c
2024-07-28 22:56:28,617 [INFO] CodeEngine:255 - oldGeneratedFile, D:\STMProj\Prerivanie\Core\Inc\usart.h_save
2024-07-28 22:56:28,669 [INFO] CodeEngine:279 - Generated code: D:\STMProj\Prerivanie\Core\Inc\usart.h
2024-07-28 22:56:28,678 [INFO] CodeEngine:255 - oldGeneratedFile, D:\STMProj\Prerivanie\Core\Src\stm32f4xx_it.c_save
2024-07-28 22:56:28,732 [INFO] CodeEngine:279 - Generated code: D:\STMProj\Prerivanie\Core\Src\stm32f4xx_it.c
2024-07-28 22:56:28,735 [INFO] CodeEngine:255 - oldGeneratedFile, D:\STMProj\Prerivanie\Core\Inc\stm32f4xx_it.h_save
2024-07-28 22:56:28,785 [INFO] CodeEngine:279 - Generated code: D:\STMProj\Prerivanie\Core\Inc\stm32f4xx_it.h
2024-07-28 22:56:28,795 [INFO] CodeEngine:255 - oldGeneratedFile, D:\STMProj\Prerivanie\Core\Src\stm32f4xx_hal_msp.c_save
2024-07-28 22:56:28,863 [INFO] CodeEngine:279 - Generated code: D:\STMProj\Prerivanie\Core\Src\stm32f4xx_hal_msp.c
2024-07-28 22:56:28,866 [INFO] CodeEngine:255 - oldGeneratedFile, D:\STMProj\Prerivanie\MXTmpFiles\system.tmp_save
2024-07-28 22:56:28,914 [INFO] CodeEngine:279 - Generated code: D:\STMProj\Prerivanie\MXTmpFiles\system.tmp
2024-07-28 22:56:28,923 [INFO] CodeEngine:311 - oldGeneratedFile, D:\STMProj\Prerivanie\Core\Inc\stm32f4xx_hal_conf.h_save
2024-07-28 22:56:28,978 [INFO] CodeEngine:335 - Generated code: D:\STMProj\Prerivanie\Core\Inc\stm32f4xx_hal_conf.h
2024-07-28 22:56:29,002 [INFO] CodeEngine:255 - oldGeneratedFile, D:\STMProj\Prerivanie\Core\Inc\main.h_save
2024-07-28 22:56:29,059 [INFO] CodeEngine:279 - Generated code: D:\STMProj\Prerivanie\Core\Inc\main.h
2024-07-28 22:56:29,065 [INFO] CodeEngine:255 - oldGeneratedFile, D:\STMProj\Prerivanie\Core\Src\main.c_save
2024-07-28 22:56:29,143 [INFO] CodeEngine:279 - Generated code: D:\STMProj\Prerivanie\Core\Src\main.c
2024-07-28 22:56:29,395 [INFO] ProjectBuilder:3249 - Time for Copy HAL[1] : 139mS.
2024-07-28 22:56:29,398 [INFO] ProjectBuilder:4828 - Project Generator version: 4.4.0-B60
2024-07-28 22:56:29,469 [INFO] ConfigFileManager:1531 - The Die is : DIE433
2024-07-28 22:56:29,479 [INFO] ApiDbMcu:508 - Load IP Config File for FATFS
2024-07-28 22:56:29,501 [INFO] ApiDbMcu:508 - Load IP Config File for FREERTOS
2024-07-28 22:56:29,504 [INFO] ApiDbMcu:508 - Load IP Config File for LIBJPEG
2024-07-28 22:56:29,553 [INFO] ApiDbMcu:508 - Load IP Config File for MBEDTLS
2024-07-28 22:56:29,580 [INFO] ApiDbMcu:508 - Load IP Config File for USB_DEVICE
2024-07-28 22:56:29,587 [INFO] ApiDbMcu:508 - Load IP Config File for USB_HOST
2024-07-28 22:56:30,459 [INFO] ProjectBuilder:5097 - Time for Generating toolchain IDE Files: 1062mS.
2024-07-28 22:56:30,459 [INFO] ProjectBuilder:3107 - Time for Copy CMSIS : 0mS.
2024-07-28 22:56:30,461 [INFO] ProjectBuilder:3107 - Time for Copy CMSIS : 0mS.
2024-07-28 23:19:21,778 [INFO] NvicIntPanel:101 - NVIC parent = com.st.microxplorer.plugins.ip.nvic.MultiNvicIntPanel[,0,0,450x250,layout=javax.swing.BoxLayout,alignmentX=0.0,alignmentY=0.0,border=,flags=9,maximumSize=,minimumSize=,preferredSize=]
