2024-07-26 01:22:14,651 [INFO] UtilMem:75 - End SaveConfig() Used Memory: 313192680 Bytes (751828992)
2024-07-26 01:22:16,274 [INFO] UtilMem:75 - End SaveConfig() Used Memory: 332734408 Bytes (751828992)
2024-07-26 01:22:16,500 [INFO] UtilMem:75 - End SaveConfig() Used Memory: 379339536 Bytes (751828992)
2024-07-26 01:22:16,673 [INFO] BlockDiagram:2766 - set Specific Code input for plugin: NVIC
2024-07-26 01:22:16,673 [INFO] BlockDiagram:2766 - set Specific Code input for plugin: USART
2024-07-26 01:22:16,673 [INFO] BlockDiagram:2766 - set Specific Code input for plugin: SYS
2024-07-26 01:22:16,674 [INFO] BlockDiagram:2766 - set Specific Code input for plugin: GPIO
2024-07-26 01:22:16,674 [INFO] BlockDiagram:2766 - set Specific Code input for plugin: RCC
2024-07-26 01:22:16,675 [INFO] CodeGenerator:807 - code generatio: config db path: D:\StmCubeIDE\STM32CubeIDE_1.16.0\STM32CubeIDE\plugins\com.st.stm32cube.common.mx_6.12.0.202406281431\\db\
2024-07-26 01:22:16,786 [INFO] CodeEngine:255 - oldGeneratedFile, D:\STMProj\Prerivanie\MXTmpFiles\license.tmp_save
2024-07-26 01:22:16,907 [INFO] CodeEngine:279 - Generated code: D:\STMProj\Prerivanie\MXTmpFiles\license.tmp
2024-07-26 01:22:16,940 [INFO] CodeEngine:255 - oldGeneratedFile, D:\STMProj\Prerivanie\Core\Src\gpio.c_save
2024-07-26 01:22:17,012 [INFO] CodeEngine:279 - Generated code: D:\STMProj\Prerivanie\Core\Src\gpio.c
2024-07-26 01:22:17,020 [INFO] CodeEngine:255 - oldGeneratedFile, D:\STMProj\Prerivanie\Core\Inc\gpio.h_save
2024-07-26 01:22:17,080 [INFO] CodeEngine:279 - Generated code: D:\STMProj\Prerivanie\Core\Inc\gpio.h
2024-07-26 01:22:17,146 [INFO] CodeEngine:255 - oldGeneratedFile, D:\STMProj\Prerivanie\Core\Src\usart.c_save
2024-07-26 01:22:17,327 [INFO] CodeEngine:279 - Generated code: D:\STMProj\Prerivanie\Core\Src\usart.c
2024-07-26 01:22:17,344 [INFO] CodeEngine:255 - oldGeneratedFile, D:\STMProj\Prerivanie\Core\Inc\usart.h_save
2024-07-26 01:22:17,407 [INFO] CodeEngine:279 - Generated code: D:\STMProj\Prerivanie\Core\Inc\usart.h
2024-07-26 01:22:17,420 [INFO] CodeEngine:255 - oldGeneratedFile, D:\STMProj\Prerivanie\Core\Src\stm32f4xx_it.c_save
2024-07-26 01:22:17,744 [INFO] CodeEngine:279 - Generated code: D:\STMProj\Prerivanie\Core\Src\stm32f4xx_it.c
2024-07-26 01:22:17,752 [INFO] CodeEngine:255 - oldGeneratedFile, D:\STMProj\Prerivanie\Core\Inc\stm32f4xx_it.h_save
2024-07-26 01:22:17,835 [INFO] CodeEngine:279 - Generated code: D:\STMProj\Prerivanie\Core\Inc\stm32f4xx_it.h
2024-07-26 01:22:17,851 [INFO] CodeEngine:255 - oldGeneratedFile, D:\STMProj\Prerivanie\Core\Src\stm32f4xx_hal_msp.c_save
2024-07-26 01:22:17,968 [INFO] CodeEngine:279 - Generated code: D:\STMProj\Prerivanie\Core\Src\stm32f4xx_hal_msp.c
2024-07-26 01:22:17,978 [INFO] CodeEngine:255 - oldGeneratedFile, D:\STMProj\Prerivanie\MXTmpFiles\system.tmp_save
2024-07-26 01:22:18,040 [INFO] CodeEngine:279 - Generated code: D:\STMProj\Prerivanie\MXTmpFiles\system.tmp
2024-07-26 01:22:18,054 [INFO] CodeEngine:311 - oldGeneratedFile, D:\STMProj\Prerivanie\Core\Inc\stm32f4xx_hal_conf.h_save
2024-07-26 01:22:18,135 [INFO] CodeEngine:335 - Generated code: D:\STMProj\Prerivanie\Core\Inc\stm32f4xx_hal_conf.h
2024-07-26 01:22:18,183 [INFO] CodeEngine:255 - oldGeneratedFile, D:\STMProj\Prerivanie\Core\Inc\main.h_save
2024-07-26 01:22:18,281 [INFO] CodeEngine:279 - Generated code: D:\STMProj\Prerivanie\Core\Inc\main.h
2024-07-26 01:22:18,293 [INFO] CodeEngine:255 - oldGeneratedFile, D:\STMProj\Prerivanie\Core\Src\main.c_save
2024-07-26 01:22:18,380 [INFO] CodeEngine:279 - Generated code: D:\STMProj\Prerivanie\Core\Src\main.c
2024-07-26 01:22:18,822 [INFO] ProjectBuilder:3249 - Time for Copy HAL[1] : 260mS.
2024-07-26 01:22:18,827 [INFO] ProjectBuilder:4828 - Project Generator version: 4.4.0-B60
2024-07-26 01:22:18,914 [INFO] ConfigFileManager:1531 - The Die is : DIE433
2024-07-26 01:22:20,219 [INFO] ProjectBuilder:5097 - Time for Generating toolchain IDE Files: 1392mS.
2024-07-26 01:22:20,220 [INFO] ProjectBuilder:3107 - Time for Copy CMSIS : 0mS.
2024-07-26 01:22:20,223 [INFO] ProjectBuilder:3107 - Time for Copy CMSIS : 0mS.
